#
# There is insufficient memory for the Java Runtime Environment to continue.
# Native memory allocation (malloc) failed to allocate 262160 bytes for Chunk::new
# Possible reasons:
#   The system is out of physical RAM or swap space
#   The process is running with CompressedOops enabled, and the Java Heap may be blocking the growth of the native heap
# Possible solutions:
#   Reduce memory load on the system
#   Increase physical memory or swap space
#   Check if swap backing store is full
#   Decrease Java heap size (-Xmx/-Xms)
#   Decrease number of Java threads
#   Decrease Java thread stack sizes (-Xss)
#   Set larger code cache with -XX:ReservedCodeCacheSize=
#   JVM is running with Unscaled Compressed Oops mode in which the Java heap is
#     placed in the first 4GB address space. The Java Heap base address is the
#     maximum limit for the native heap growth. Please use -XX:HeapBaseMinAddress
#     to set the Java Heap base and to place the Java Heap above 4GB virtual address.
# This output file may be truncated or incomplete.
#
#  Out of Memory Error (allocation.cpp:389), pid=12652, tid=0x00000000000044cc
#
# JRE version: OpenJDK Runtime Environment (8.0_202-b03) (build 1.8.0_202-release-1483-b03)
# Java VM: OpenJDK 64-Bit Server VM (25.202-b03 mixed mode windows-amd64 compressed oops)
# Failed to write core dump. Minidumps are not enabled by default on client versions of Windows
#

---------------  T H R E A D  ---------------

Current thread (0x0000000018bff000):  JavaThread "C2 CompilerThread2" daemon [_thread_in_native, id=17612, stack(0x00000000196f0000,0x00000000197f0000)]

Stack: [0x00000000196f0000,0x00000000197f0000]
[error occurred during error reporting (printing stack bounds), id 0xc0000005]

Native frames: (J=compiled Java code, j=interpreted, Vv=VM code, C=native code)


Current CompileTask:
C2: 154568 15442 %     4       com.android.tools.r8.ir.regalloc.LinearScanRegisterAllocator::a @ 430 (1738 bytes)


---------------  P R O C E S S  ---------------

Java Threads: ( => current thread )
  0x000000001a970000 JavaThread "WorkerExecutor Queue" [_thread_blocked, id=7088, stack(0x0000000027990000,0x0000000027a90000)]
  0x000000001f6da000 JavaThread "Cache worker for Java compile cache (C:\proyectos android\login\.gradle\5.4.1\javaCompile)" [_thread_blocked, id=7076, stack(0x0000000027290000,0x0000000027390000)]
  0x000000001f6d8800 JavaThread "Cache worker for execution history cache (C:\proyectos android\login\.gradle\5.4.1\executionHistory)" [_thread_blocked, id=19640, stack(0x0000000026f90000,0x0000000027090000)]
  0x000000001f6cf800 JavaThread "Execution worker for ':' Thread 7" [_thread_blocked, id=15160, stack(0x0000000026e90000,0x0000000026f90000)]
  0x000000001f6d6800 JavaThread "Execution worker for ':' Thread 6" [_thread_in_Java, id=23004, stack(0x0000000026d90000,0x0000000026e90000)]
  0x000000001f6cf000 JavaThread "Execution worker for ':' Thread 5" [_thread_in_Java, id=17548, stack(0x0000000026c90000,0x0000000026d90000)]
  0x000000001f6d5800 JavaThread "Execution worker for ':' Thread 4" [_thread_in_Java, id=12584, stack(0x0000000026b90000,0x0000000026c90000)]
  0x000000001f6ce000 JavaThread "Execution worker for ':' Thread 3" [_thread_blocked, id=22628, stack(0x0000000026890000,0x0000000026990000)]
  0x000000001f6d1000 JavaThread "Execution worker for ':' Thread 2" [_thread_blocked, id=17856, stack(0x0000000026690000,0x0000000026790000)]
  0x000000001f6d5000 JavaThread "Execution worker for ':'" [_thread_in_vm, id=1304, stack(0x00000000252f0000,0x00000000253f0000)]
  0x000000001f6d3800 JavaThread "Cache worker for file content cache (C:\proyectos android\login\.gradle\5.4.1\fileContent)" [_thread_blocked, id=2940, stack(0x0000000024f50000,0x0000000025050000)]
  0x000000001f6d4000 JavaThread "Cache worker for Build Output Cleanup Cache (C:\proyectos android\login\.gradle\buildOutputCleanup)" [_thread_blocked, id=21664, stack(0x0000000023df0000,0x0000000023ef0000)]
  0x000000001f6d2000 JavaThread "pool-4-thread-1" [_thread_blocked, id=8980, stack(0x0000000023cf0000,0x0000000023df0000)]
  0x0000000025720800 JavaThread "Build operations Thread 8" [_thread_blocked, id=24316, stack(0x00000000237f0000,0x00000000238f0000)]
  0x000000002571f800 JavaThread "Build operations Thread 7" [_thread_blocked, id=21912, stack(0x00000000236f0000,0x00000000237f0000)]
  0x000000002571f000 JavaThread "Build operations Thread 6" [_thread_blocked, id=12148, stack(0x00000000235f0000,0x00000000236f0000)]
  0x0000000025717800 JavaThread "Build operations Thread 5" [_thread_blocked, id=24324, stack(0x00000000234f0000,0x00000000235f0000)]
  0x000000002571e000 JavaThread "Build operations Thread 4" [_thread_blocked, id=13116, stack(0x00000000233f0000,0x00000000234f0000)]
  0x0000000025716800 JavaThread "Build operations Thread 3" [_thread_blocked, id=10440, stack(0x00000000232f0000,0x00000000233f0000)]
  0x000000002571d800 JavaThread "Build operations Thread 2" [_thread_blocked, id=11008, stack(0x00000000231f0000,0x00000000232f0000)]
  0x000000002571b000 JavaThread "Build operations" [_thread_blocked, id=2272, stack(0x00000000230f0000,0x00000000231f0000)]
  0x000000002571c800 JavaThread "Cache worker for cache directory md-rule (C:\Users\luis.constante\.gradle\caches\5.4.1\md-rule)" [_thread_blocked, id=23448, stack(0x0000000022820000,0x0000000022920000)]
  0x000000002571c000 JavaThread "Cache worker for cache directory md-supplier (C:\Users\luis.constante\.gradle\caches\5.4.1\md-supplier)" [_thread_blocked, id=21784, stack(0x0000000022720000,0x0000000022820000)]
  0x0000000025718000 JavaThread "Cache worker for file hash cache (C:\proyectos android\login\.gradle\5.4.1\fileHashes)" [_thread_blocked, id=16484, stack(0x000000001fde0000,0x000000001fee0000)]
  0x000000002571a800 JavaThread "Thread-71" [_thread_blocked, id=2900, stack(0x000000001fce0000,0x000000001fde0000)]
  0x0000000025719800 JavaThread "Stdin handler" [_thread_blocked, id=2968, stack(0x000000001d540000,0x000000001d640000)]
  0x0000000025713000 JavaThread "Asynchronous log dispatcher for DefaultDaemonConnection: socket connection from /127.0.0.1:58831 to /127.0.0.1:58992" [_thread_blocked, id=16976, stack(0x000000001d140000,0x000000001d240000)]
  0x0000000025712000 JavaThread "Daemon worker Thread 2" [_thread_blocked, id=13220, stack(0x000000001cc40000,0x000000001cd40000)]
  0x0000000025714800 JavaThread "Cancel handler" [_thread_blocked, id=17592, stack(0x0000000001480000,0x0000000001580000)]
  0x0000000025711800 JavaThread "Handler for socket connection from /127.0.0.1:58831 to /127.0.0.1:58992" [_thread_in_native, id=23948, stack(0x0000000001380000,0x0000000001480000)]
  0x0000000025715000 JavaThread "Daemon Thread 2" [_thread_blocked, id=11372, stack(0x0000000001280000,0x0000000001380000)]
  0x0000000025719000 JavaThread "Cache worker for Java compile cache (C:\Users\luis.constante\.gradle\caches\5.4.1\javaCompile)" [_thread_blocked, id=24440, stack(0x0000000027890000,0x0000000027990000)]
  0x000000001f6d8000 JavaThread "Cache worker for file content cache (C:\Users\luis.constante\.gradle\caches\5.4.1\fileContent)" [_thread_blocked, id=14196, stack(0x0000000026790000,0x0000000026890000)]
  0x000000001f6dd000 JavaThread "Memory manager" [_thread_blocked, id=2196, stack(0x0000000024a50000,0x0000000024b50000)]
  0x000000001f6d0800 JavaThread "Cache worker for execution history cache (C:\Users\luis.constante\.gradle\caches\5.4.1\executionHistory)" [_thread_blocked, id=23048, stack(0x0000000022df0000,0x0000000022ef0000)]
  0x000000001a974000 JavaThread "Cache worker for journal cache (C:\Users\luis.constante\.gradle\caches\journal-1)" [_thread_blocked, id=19232, stack(0x000000001d840000,0x000000001d940000)]
  0x000000001a971800 JavaThread "File lock request listener" [_thread_in_native, id=15524, stack(0x000000001d740000,0x000000001d840000)]
  0x000000001a973000 JavaThread "Cache worker for file hash cache (C:\Users\luis.constante\.gradle\caches\5.4.1\fileHashes)" [_thread_blocked, id=17872, stack(0x000000001d640000,0x000000001d740000)]
  0x000000001ae78800 JavaThread "Daemon periodic checks" [_thread_blocked, id=24480, stack(0x000000001cb40000,0x000000001cc40000)]
  0x000000001a8f6000 JavaThread "Incoming local TCP Connector on port 58831" [_thread_in_native, id=17388, stack(0x000000001c8d0000,0x000000001c9d0000)]
  0x000000001b0cf800 JavaThread "Daemon health stats" [_thread_blocked, id=22088, stack(0x000000001c290000,0x000000001c390000)]
  0x0000000018c14800 JavaThread "Service Thread" daemon [_thread_blocked, id=15408, stack(0x00000000198f0000,0x00000000199f0000)]
  0x0000000018c05000 JavaThread "C1 CompilerThread3" daemon [_thread_blocked, id=16284, stack(0x00000000197f0000,0x00000000198f0000)]
=>0x0000000018bff000 JavaThread "C2 CompilerThread2" daemon [_thread_in_native, id=17612, stack(0x00000000196f0000,0x00000000197f0000)]
  0x0000000018bfc800 JavaThread "C2 CompilerThread1" daemon [_thread_in_native, id=14440, stack(0x00000000195f0000,0x00000000196f0000)]
  0x0000000018bf9800 JavaThread "C2 CompilerThread0" daemon [_thread_in_native, id=5556, stack(0x00000000194f0000,0x00000000195f0000)]
  0x0000000018bf8000 JavaThread "Attach Listener" daemon [_thread_blocked, id=12052, stack(0x00000000193f0000,0x00000000194f0000)]
  0x0000000018bf7000 JavaThread "Signal Dispatcher" daemon [_thread_blocked, id=17964, stack(0x00000000192f0000,0x00000000193f0000)]
  0x000000000302c800 JavaThread "Finalizer" daemon [_thread_blocked, id=22808, stack(0x00000000190d0000,0x00000000191d0000)]
  0x0000000018bf0800 JavaThread "Reference Handler" daemon [_thread_blocked, id=19740, stack(0x0000000018fd0000,0x00000000190d0000)]
  0x0000000002f32800 JavaThread "main" [_thread_blocked, id=21016, stack(0x0000000002e30000,0x0000000002f30000)]

Other Threads:
  0x0000000016de6800 VMThread [stack: 0x0000000018ad0000,0x0000000018bd0000] [id=10120]
  0x0000000018c15800 WatcherThread [stack: 0x00000000199f0000,0x0000000019af0000] [id=5296]

VM state:not at safepoint (normal execution)

VM Mutex/Monitor currently owned by a thread: None

heap address: 0x00000000a0000000, size: 1536 MB, Compressed Oops mode: 32-bit
Narrow klass base: 0x0000000000000000, Narrow klass shift: 3
Compressed class space size: 1073741824 Address: 0x0000000100000000

Heap:
 PSYoungGen      total 372736K, used 37991K [0x00000000e0000000, 0x00000000fdb00000, 0x0000000100000000)
  eden space 344576K, 3% used [0x00000000e0000000,0x00000000e0cb8998,0x00000000f5080000)
  from space 28160K, 88% used [0x00000000fbf80000,0x00000000fd7e1318,0x00000000fdb00000)
  to   space 26112K, 0% used [0x00000000f5080000,0x00000000f5080000,0x00000000f6a00000)
 ParOldGen       total 116736K, used 49889K [0x00000000a0000000, 0x00000000a7200000, 0x00000000e0000000)
  object space 116736K, 42% used [0x00000000a0000000,0x00000000a30b8660,0x00000000a7200000)
 Metaspace       used 83175K, capacity 86498K, committed 86616K, reserved 1124352K
  class space    used 10669K, capacity 11318K, committed 11392K, reserved 1048576K

Card table byte_map: [0x00000000123f0000,0x0000000012700000] byte_map_base: 0x0000000011ef0000

Marking Bits: (ParMarkBitMap*) 0x0000000066e69f30
 Begin Bits: [0x0000000013100000, 0x0000000014900000)
 End Bits:   [0x0000000014900000, 0x0000000016100000)

Polling page: 0x0000000000df0000

CodeCache: size=245760Kb used=47116Kb max_used=47116Kb free=198643Kb
 bounds [0x0000000003030000, 0x0000000005e70000, 0x0000000012030000]
 total_blobs=14284 nmethods=13441 adapters=755
 compilation: enabled

Compilation events (10 events):
Event: 154.060 Thread 0x0000000018c05000 16068       2       com.android.tools.r8.dex.c::a (40 bytes)
Event: 154.061 Thread 0x0000000018c05000 nmethod 16068 0x0000000005e63710 code [0x0000000005e638e0, 0x0000000005e63c58]
Event: 154.101 Thread 0x0000000018c05000 16071       2       com.android.tools.r8.ir.code.Z::g (6 bytes)
Event: 154.101 Thread 0x0000000018c05000 nmethod 16071 0x0000000005e64090 code [0x0000000005e64200, 0x0000000005e64368]
Event: 154.103 Thread 0x0000000018c05000 16072       2       com.android.tools.r8.ir.regalloc.LinearScanRegisterAllocator::a (327 bytes)
Event: 154.109 Thread 0x0000000018c05000 nmethod 16072 0x0000000005e64410 code [0x0000000005e64720, 0x0000000005e65548]
Event: 154.109 Thread 0x0000000018c05000 16073       2       com.android.tools.r8.ir.code.H::a (103 bytes)
Event: 154.110 Thread 0x0000000018c05000 nmethod 16073 0x0000000005e66410 code [0x0000000005e665c0, 0x0000000005e66a08]
Event: 154.450 Thread 0x0000000018c05000 16074 %     3       com.android.tools.r8.ir.regalloc.LiveIntervals::c @ 8 (44 bytes)
Event: 154.457 Thread 0x0000000018c05000 nmethod 16074% 0x0000000005e66c90 code [0x0000000005e66e60, 0x0000000005e67578]

GC Heap History (10 events):
Event: 140.046 GC heap before
{Heap before GC invocations=15 (full 3):
 PSYoungGen      total 258048K, used 252608K [0x00000000e0000000, 0x00000000f4c80000, 0x0000000100000000)
  eden space 237056K, 100% used [0x00000000e0000000,0x00000000ee780000,0x00000000ee780000)
  from space 20992K, 74% used [0x00000000ee780000,0x00000000ef6b02f0,0x00000000efc00000)
  to   space 22016K, 0% used [0x00000000f3700000,0x00000000f3700000,0x00000000f4c80000)
 ParOldGen       total 116736K, used 33234K [0x00000000a0000000, 0x00000000a7200000, 0x00000000e0000000)
  object space 116736K, 28% used [0x00000000a0000000,0x00000000a20748c8,0x00000000a7200000)
 Metaspace       used 70851K, capacity 72986K, committed 73304K, reserved 1112064K
  class space    used 9203K, capacity 9742K, committed 9856K, reserved 1048576K
Event: 140.093 GC heap after
Heap after GC invocations=15 (full 3):
 PSYoungGen      total 300032K, used 12497K [0x00000000e0000000, 0x00000000f4380000, 0x0000000100000000)
  eden space 287232K, 0% used [0x00000000e0000000,0x00000000e0000000,0x00000000f1880000)
  from space 12800K, 97% used [0x00000000f3700000,0x00000000f43344c8,0x00000000f4380000)
  to   space 21504K, 0% used [0x00000000f1980000,0x00000000f1980000,0x00000000f2e80000)
 ParOldGen       total 116736K, used 33242K [0x00000000a0000000, 0x00000000a7200000, 0x00000000e0000000)
  object space 116736K, 28% used [0x00000000a0000000,0x00000000a20768c8,0x00000000a7200000)
 Metaspace       used 70851K, capacity 72986K, committed 73304K, reserved 1112064K
  class space    used 9203K, capacity 9742K, committed 9856K, reserved 1048576K
}
Event: 147.328 GC heap before
{Heap before GC invocations=16 (full 3):
 PSYoungGen      total 300032K, used 299729K [0x00000000e0000000, 0x00000000f4380000, 0x0000000100000000)
  eden space 287232K, 100% used [0x00000000e0000000,0x00000000f1880000,0x00000000f1880000)
  from space 12800K, 97% used [0x00000000f3700000,0x00000000f43344c8,0x00000000f4380000)
  to   space 21504K, 0% used [0x00000000f1980000,0x00000000f1980000,0x00000000f2e80000)
 ParOldGen       total 116736K, used 33242K [0x00000000a0000000, 0x00000000a7200000, 0x00000000e0000000)
  object space 116736K, 28% used [0x00000000a0000000,0x00000000a20768c8,0x00000000a7200000)
 Metaspace       used 80948K, capacity 83990K, committed 84184K, reserved 1122304K
  class space    used 10534K, capacity 11148K, committed 11264K, reserved 1048576K
Event: 147.387 GC heap after
Heap after GC invocations=16 (full 3):
 PSYoungGen      total 309760K, used 21488K [0x00000000e0000000, 0x00000000f8480000, 0x0000000100000000)
  eden space 288256K, 0% used [0x00000000e0000000,0x00000000e0000000,0x00000000f1980000)
  from space 21504K, 99% used [0x00000000f1980000,0x00000000f2e7c060,0x00000000f2e80000)
  to   space 27136K, 0% used [0x00000000f6a00000,0x00000000f6a00000,0x00000000f8480000)
 ParOldGen       total 116736K, used 41387K [0x00000000a0000000, 0x00000000a7200000, 0x00000000e0000000)
  object space 116736K, 35% used [0x00000000a0000000,0x00000000a286ae60,0x00000000a7200000)
 Metaspace       used 80948K, capacity 83990K, committed 84184K, reserved 1122304K
  class space    used 10534K, capacity 11148K, committed 11264K, reserved 1048576K
}
Event: 150.072 GC heap before
{Heap before GC invocations=17 (full 3):
 PSYoungGen      total 309760K, used 309744K [0x00000000e0000000, 0x00000000f8480000, 0x0000000100000000)
  eden space 288256K, 100% used [0x00000000e0000000,0x00000000f1980000,0x00000000f1980000)
  from space 21504K, 99% used [0x00000000f1980000,0x00000000f2e7c060,0x00000000f2e80000)
  to   space 27136K, 0% used [0x00000000f6a00000,0x00000000f6a00000,0x00000000f8480000)
 ParOldGen       total 116736K, used 41387K [0x00000000a0000000, 0x00000000a7200000, 0x00000000e0000000)
  object space 116736K, 35% used [0x00000000a0000000,0x00000000a286ae60,0x00000000a7200000)
 Metaspace       used 82382K, capacity 85578K, committed 85848K, reserved 1124352K
  class space    used 10631K, capacity 11278K, committed 11392K, reserved 1048576K
Event: 150.118 GC heap after
Heap after GC invocations=17 (full 3):
 PSYoungGen      total 371712K, used 12094K [0x00000000e0000000, 0x00000000f8680000, 0x0000000100000000)
  eden space 344576K, 0% used [0x00000000e0000000,0x00000000e0000000,0x00000000f5080000)
  from space 27136K, 44% used [0x00000000f6a00000,0x00000000f75cfb98,0x00000000f8480000)
  to   space 26112K, 0% used [0x00000000f5080000,0x00000000f5080000,0x00000000f6a00000)
 ParOldGen       total 116736K, used 49881K [0x00000000a0000000, 0x00000000a7200000, 0x00000000e0000000)
  object space 116736K, 42% used [0x00000000a0000000,0x00000000a30b6660,0x00000000a7200000)
 Metaspace       used 82382K, capacity 85578K, committed 85848K, reserved 1124352K
  class space    used 10631K, capacity 11278K, committed 11392K, reserved 1048576K
}
Event: 152.459 GC heap before
{Heap before GC invocations=18 (full 3):
 PSYoungGen      total 371712K, used 356670K [0x00000000e0000000, 0x00000000f8680000, 0x0000000100000000)
  eden space 344576K, 100% used [0x00000000e0000000,0x00000000f5080000,0x00000000f5080000)
  from space 27136K, 44% used [0x00000000f6a00000,0x00000000f75cfb98,0x00000000f8480000)
  to   space 26112K, 0% used [0x00000000f5080000,0x00000000f5080000,0x00000000f6a00000)
 ParOldGen       total 116736K, used 49881K [0x00000000a0000000, 0x00000000a7200000, 0x00000000e0000000)
  object space 116736K, 42% used [0x00000000a0000000,0x00000000a30b6660,0x00000000a7200000)
 Metaspace       used 83036K, capacity 86344K, committed 86616K, reserved 1124352K
  class space    used 10665K, capacity 11315K, committed 11392K, reserved 1048576K
Event: 152.535 GC heap after
Heap after GC invocations=18 (full 3):
 PSYoungGen      total 370688K, used 22710K [0x00000000e0000000, 0x00000000fdb00000, 0x0000000100000000)
  eden space 344576K, 0% used [0x00000000e0000000,0x00000000e0000000,0x00000000f5080000)
  from space 26112K, 86% used [0x00000000f5080000,0x00000000f66adbe0,0x00000000f6a00000)
  to   space 28160K, 0% used [0x00000000fbf80000,0x00000000fbf80000,0x00000000fdb00000)
 ParOldGen       total 116736K, used 49881K [0x00000000a0000000, 0x00000000a7200000, 0x00000000e0000000)
  object space 116736K, 42% used [0x00000000a0000000,0x00000000a30b6660,0x00000000a7200000)
 Metaspace       used 83036K, capacity 86344K, committed 86616K, reserved 1124352K
  class space    used 10665K, capacity 11315K, committed 11392K, reserved 1048576K
}
Event: 154.161 GC heap before
{Heap before GC invocations=19 (full 3):
 PSYoungGen      total 370688K, used 367286K [0x00000000e0000000, 0x00000000fdb00000, 0x0000000100000000)
  eden space 344576K, 100% used [0x00000000e0000000,0x00000000f5080000,0x00000000f5080000)
  from space 26112K, 86% used [0x00000000f5080000,0x00000000f66adbe0,0x00000000f6a00000)
  to   space 28160K, 0% used [0x00000000fbf80000,0x00000000fbf80000,0x00000000fdb00000)
 ParOldGen       total 116736K, used 49881K [0x00000000a0000000, 0x00000000a7200000, 0x00000000e0000000)
  object space 116736K, 42% used [0x00000000a0000000,0x00000000a30b6660,0x00000000a7200000)
 Metaspace       used 83175K, capacity 86498K, committed 86616K, reserved 1124352K
  class space    used 10669K, capacity 11318K, committed 11392K, reserved 1048576K
Event: 154.421 GC heap after
Heap after GC invocations=19 (full 3):
 PSYoungGen      total 372736K, used 24964K [0x00000000e0000000, 0x00000000fdb00000, 0x0000000100000000)
  eden space 344576K, 0% used [0x00000000e0000000,0x00000000e0000000,0x00000000f5080000)
  from space 28160K, 88% used [0x00000000fbf80000,0x00000000fd7e1318,0x00000000fdb00000)
  to   space 26112K, 0% used [0x00000000f5080000,0x00000000f5080000,0x00000000f6a00000)
 ParOldGen       total 116736K, used 49889K [0x00000000a0000000, 0x00000000a7200000, 0x00000000e0000000)
  object space 116736K, 42% used [0x00000000a0000000,0x00000000a30b8660,0x00000000a7200000)
 Metaspace       used 83175K, capacity 86498K, committed 86616K, reserved 1124352K
  class space    used 10669K, capacity 11318K, committed 11392K, reserved 1048576K
}

Deoptimization events (10 events):
Event: 151.696 Thread 0x000000001f6d5800 Uncommon trap: reason=class_check action=maybe_recompile pc=0x00000000056a9db0 method=com.android.tools.r8.ir.analysis.g.e.b(Lcom/android/tools/r8/ir/code/Instruction;)V @ 139
Event: 151.708 Thread 0x000000001f6d5800 Uncommon trap: reason=class_check action=maybe_recompile pc=0x00000000056a9db0 method=com.android.tools.r8.ir.analysis.g.e.b(Lcom/android/tools/r8/ir/code/Instruction;)V @ 139
Event: 151.712 Thread 0x000000001f6d5800 Uncommon trap: reason=class_check action=maybe_recompile pc=0x00000000056a9db0 method=com.android.tools.r8.ir.analysis.g.e.b(Lcom/android/tools/r8/ir/code/Instruction;)V @ 139
Event: 151.927 Thread 0x000000001f6d5800 Uncommon trap: reason=class_check action=maybe_recompile pc=0x0000000005b4ab00 method=com.android.tools.r8.ir.conversion.X.a(I[Lcom/android/tools/r8/ir/conversion/P;Lcom/android/tools/r8/m/a/a/b/d0;)Z @ 99
Event: 151.927 Thread 0x000000001f6d5800 Uncommon trap: reason=class_check action=maybe_recompile pc=0x0000000005b4ab00 method=com.android.tools.r8.ir.conversion.X.a(I[Lcom/android/tools/r8/ir/conversion/P;Lcom/android/tools/r8/m/a/a/b/d0;)Z @ 99
Event: 152.640 Thread 0x0000000025712000 Uncommon trap: reason=unstable_if action=reinterpret pc=0x0000000005c39580 method=com.android.tools.r8.ir.optimize.CodeRewriter.e(Lcom/android/tools/r8/ir/code/Instruction;)Z @ 27
Event: 153.276 Thread 0x000000001f6d5800 Uncommon trap: reason=unstable_if action=reinterpret pc=0x00000000041de5d4 method=java.util.Collections$SetFromMap.add(Ljava/lang/Object;)Z @ 13
Event: 153.419 Thread 0x000000001f6ce000 Uncommon trap: reason=unstable_if action=reinterpret pc=0x000000000587eabc method=java.util.TimSort.countRunAndMakeAscending([Ljava/lang/Object;IILjava/util/Comparator;)I @ 27
Event: 153.634 Thread 0x0000000025712000 Uncommon trap: reason=class_check action=maybe_recompile pc=0x0000000005cac494 method=com.android.tools.r8.ir.analysis.g.e.b(Lcom/android/tools/r8/ir/code/Instruction;)V @ 376
Event: 153.729 Thread 0x0000000025712000 Uncommon trap: reason=unstable_if action=reinterpret pc=0x0000000005cc8ea8 method=com.android.tools.r8.ir.conversion.N.a(Lcom/android/tools/r8/t/a/a/G/a;Lcom/android/tools/r8/ir/conversion/IRBuilder;)V @ 3085

Classes redefined (0 events):
No events

Internal exceptions (10 events):
Event: 151.848 Thread 0x000000001f6d1000 Exception <a 'sun/nio/fs/WindowsException'> (0x00000000ef6dd780) thrown at [D:\src\AOSP-openjdk-cygwin\jdk8u\hotspot\src\share\vm\prims\jni.cpp, line 710]
Event: 151.905 Thread 0x000000001f6cf000 Exception <a 'sun/nio/fs/WindowsException'> (0x00000000efadc320) thrown at [D:\src\AOSP-openjdk-cygwin\jdk8u\hotspot\src\share\vm\prims\jni.cpp, line 710]
Event: 152.255 Thread 0x000000001f6cf800 Exception <a 'sun/nio/fs/WindowsException'> (0x00000000f3155ff8) thrown at [D:\src\AOSP-openjdk-cygwin\jdk8u\hotspot\src\share\vm\prims\jni.cpp, line 710]
Event: 152.289 Thread 0x0000000025712000 Exception <a 'sun/nio/fs/WindowsException'> (0x00000000f34babd8) thrown at [D:\src\AOSP-openjdk-cygwin\jdk8u\hotspot\src\share\vm\prims\jni.cpp, line 710]
Event: 152.326 Thread 0x000000001f6ce000 Exception <a 'sun/nio/fs/WindowsException'> (0x00000000f2ad0240) thrown at [D:\src\AOSP-openjdk-cygwin\jdk8u\hotspot\src\share\vm\prims\jni.cpp, line 710]
Event: 152.609 Thread 0x000000001f6d5000 Exception <a 'sun/nio/fs/WindowsException'> (0x00000000e005bf38) thrown at [D:\src\AOSP-openjdk-cygwin\jdk8u\hotspot\src\share\vm\prims\jni.cpp, line 710]
Event: 152.712 Thread 0x000000001f6cf000 Exception <a 'sun/nio/fs/WindowsException'> (0x00000000e392dc88) thrown at [D:\src\AOSP-openjdk-cygwin\jdk8u\hotspot\src\share\vm\prims\jni.cpp, line 710]
Event: 152.903 Thread 0x000000001f6d1000 Exception <a 'sun/nio/fs/WindowsException'> (0x00000000e592e6c8) thrown at [D:\src\AOSP-openjdk-cygwin\jdk8u\hotspot\src\share\vm\prims\jni.cpp, line 710]
Event: 153.506 Thread 0x000000001f6ce000 Exception <a 'sun/nio/fs/WindowsException'> (0x00000000ed0db688) thrown at [D:\src\AOSP-openjdk-cygwin\jdk8u\hotspot\src\share\vm\prims\jni.cpp, line 710]
Event: 154.062 Thread 0x0000000025712000 Exception <a 'sun/nio/fs/WindowsException'> (0x00000000f4979c30) thrown at [D:\src\AOSP-openjdk-cygwin\jdk8u\hotspot\src\share\vm\prims\jni.cpp, line 710]

Events (10 events):
Event: 154.008 loading class com/android/tools/r8/code/V
Event: 154.008 loading class com/android/tools/r8/code/V done
Event: 154.016 Thread 0x000000001f6d5800 DEOPT PACKING pc=0x00000000055fb523 sp=0x0000000026c8ac10
Event: 154.016 Thread 0x000000001f6d5800 DEOPT UNPACKING pc=0x00000000030775d0 sp=0x0000000026c8aa90 mode 0
Event: 154.055 Thread 0x0000000025712000 DEOPT PACKING pc=0x0000000005a5ef3d sp=0x000000001cd387c0
Event: 154.055 Thread 0x0000000025712000 DEOPT UNPACKING pc=0x00000000030775d0 sp=0x000000001cd38510 mode 0
Event: 154.114 Executing VM operation: ParallelGCFailedAllocation
Event: 154.422 Executing VM operation: ParallelGCFailedAllocation done
Event: 154.423 Executing VM operation: BulkRevokeBias
Event: 154.429 Executing VM operation: BulkRevokeBias done


Dynamic libraries:
0x00007ff6b09c0000 - 0x00007ff6b09f1000 	C:\Program Files\Android\Android Studio\jre\bin\java.exe
0x00007ff9a29c0000 - 0x00007ff9a2bb0000 	C:\WINDOWS\SYSTEM32\ntdll.dll
0x00007ff9a15e0000 - 0x00007ff9a1692000 	C:\WINDOWS\System32\KERNEL32.DLL
0x00007ff99f980000 - 0x00007ff99fc23000 	C:\WINDOWS\System32\KERNELBASE.dll
0x00007ff9a16d0000 - 0x00007ff9a1773000 	C:\WINDOWS\System32\ADVAPI32.dll
0x00007ff9a19f0000 - 0x00007ff9a1a8e000 	C:\WINDOWS\System32\msvcrt.dll
0x00007ff9a0c10000 - 0x00007ff9a0ca7000 	C:\WINDOWS\System32\sechost.dll
0x00007ff9a0af0000 - 0x00007ff9a0c10000 	C:\WINDOWS\System32\RPCRT4.dll
0x00007ff9a1b70000 - 0x00007ff9a1d04000 	C:\WINDOWS\System32\USER32.dll
0x00007ff99fc30000 - 0x00007ff99fc51000 	C:\WINDOWS\System32\win32u.dll
0x00007ff9a1d10000 - 0x00007ff9a1d36000 	C:\WINDOWS\System32\GDI32.dll
0x00007ff9a08d0000 - 0x00007ff9a0a64000 	C:\WINDOWS\System32\gdi32full.dll
0x00007ff99fcc0000 - 0x00007ff99fd5e000 	C:\WINDOWS\System32\msvcp_win.dll
0x00007ff9a07d0000 - 0x00007ff9a08ca000 	C:\WINDOWS\System32\ucrtbase.dll
0x00007ff98de70000 - 0x00007ff98e0f5000 	C:\WINDOWS\WinSxS\amd64_microsoft.windows.common-controls_6595b64144ccf1df_6.0.18362.418_none_e6c6b287130d565d\COMCTL32.dll
0x00007ff9a2030000 - 0x00007ff9a2366000 	C:\WINDOWS\System32\combase.dll
0x00007ff99fd60000 - 0x00007ff99fde0000 	C:\WINDOWS\System32\bcryptPrimitives.dll
0x00007ff9a16a0000 - 0x00007ff9a16ce000 	C:\WINDOWS\System32\IMM32.DLL
0x0000000067090000 - 0x0000000067162000 	C:\Program Files\Android\Android Studio\jre\jre\bin\msvcr100.dll
0x00000000666a0000 - 0x0000000066ee6000 	C:\Program Files\Android\Android Studio\jre\jre\bin\server\jvm.dll
0x00007ff9a1b40000 - 0x00007ff9a1b48000 	C:\WINDOWS\System32\PSAPI.DLL
0x00007ff99d260000 - 0x00007ff99d284000 	C:\WINDOWS\SYSTEM32\WINMM.dll
0x00007ff994020000 - 0x00007ff99402a000 	C:\WINDOWS\SYSTEM32\VERSION.dll
0x00007ff983890000 - 0x00007ff983899000 	C:\WINDOWS\SYSTEM32\WSOCK32.dll
0x00007ff9a28b0000 - 0x00007ff9a291f000 	C:\WINDOWS\System32\WS2_32.dll
0x00007ff99cde0000 - 0x00007ff99ce0d000 	C:\WINDOWS\SYSTEM32\WINMMBASE.dll
0x00007ff9a0560000 - 0x00007ff9a05aa000 	C:\WINDOWS\System32\cfgmgr32.dll
0x00007ff99d490000 - 0x00007ff99d49f000 	C:\Program Files\Android\Android Studio\jre\jre\bin\verify.dll
0x00007ff998b20000 - 0x00007ff998b49000 	C:\Program Files\Android\Android Studio\jre\jre\bin\java.dll
0x00007ff99d450000 - 0x00007ff99d466000 	C:\Program Files\Android\Android Studio\jre\jre\bin\zip.dll
0x00007ff9a0cc0000 - 0x00007ff9a13a5000 	C:\WINDOWS\System32\SHELL32.dll
0x00007ff9a18e0000 - 0x00007ff9a1989000 	C:\WINDOWS\System32\shcore.dll
0x00007ff99fde0000 - 0x00007ff9a055f000 	C:\WINDOWS\System32\windows.storage.dll
0x00007ff99f930000 - 0x00007ff99f94f000 	C:\WINDOWS\System32\profapi.dll
0x00007ff99f8e0000 - 0x00007ff99f92a000 	C:\WINDOWS\System32\powrprof.dll
0x00007ff99f890000 - 0x00007ff99f8a0000 	C:\WINDOWS\System32\UMPDC.dll
0x00007ff9a2920000 - 0x00007ff9a2972000 	C:\WINDOWS\System32\shlwapi.dll
0x00007ff99f8c0000 - 0x00007ff99f8d1000 	C:\WINDOWS\System32\kernel.appcore.dll
0x00007ff9a0700000 - 0x00007ff9a0717000 	C:\WINDOWS\System32\cryptsp.dll
0x00007ff99a580000 - 0x00007ff99a59a000 	C:\Program Files\Android\Android Studio\jre\jre\bin\net.dll
0x00007ff99f100000 - 0x00007ff99f167000 	C:\WINDOWS\system32\mswsock.dll
0x00007ff99a530000 - 0x00007ff99a541000 	C:\Program Files\Android\Android Studio\jre\jre\bin\nio.dll
0x00007ff992200000 - 0x00007ff992226000 	C:\Users\luis.constante\.gradle\native\29\windows-amd64\native-platform.dll
0x00007ff99b2e0000 - 0x00007ff99b2ed000 	C:\Program Files\Android\Android Studio\jre\jre\bin\management.dll
0x00007ff99ec10000 - 0x00007ff99ec43000 	C:\WINDOWS\system32\rsaenh.dll
0x00007ff99f950000 - 0x00007ff99f976000 	C:\WINDOWS\System32\bcrypt.dll
0x00007ff99f7b0000 - 0x00007ff99f7d5000 	C:\WINDOWS\SYSTEM32\USERENV.dll
0x00007ff99f2d0000 - 0x00007ff99f2dc000 	C:\WINDOWS\SYSTEM32\CRYPTBASE.dll
0x00007ff99ee10000 - 0x00007ff99ee4a000 	C:\WINDOWS\SYSTEM32\IPHLPAPI.DLL
0x00007ff9a1d40000 - 0x00007ff9a1d48000 	C:\WINDOWS\System32\NSI.dll
0x00007ff997dc0000 - 0x00007ff997dd6000 	C:\WINDOWS\SYSTEM32\dhcpcsvc6.DLL
0x00007ff997da0000 - 0x00007ff997dbc000 	C:\WINDOWS\SYSTEM32\dhcpcsvc.DLL
0x00007ff99ee50000 - 0x00007ff99ef1a000 	C:\WINDOWS\SYSTEM32\DNSAPI.dll

VM Arguments:
jvm_args: -Xmx1536m -Dfile.encoding=windows-1252 -Duser.country=EC -Duser.language=es -Duser.variant 
java_command: org.gradle.launcher.daemon.bootstrap.GradleDaemon 5.4.1
java_class_path (initial): C:\Users\luis.constante\.gradle\wrapper\dists\gradle-5.4.1-all\3221gyojl5jsh0helicew7rwx\gradle-5.4.1\lib\gradle-launcher-5.4.1.jar
Launcher Type: SUN_STANDARD

Environment Variables:
JAVA_HOME=C:\Program Files\Java\jdk-12.0.1
PATH=c:\app\luis.constante\product\12.1.0\client_1;C:\Program Files (x86)\Common Files\Oracle\Java\javapath;C:\Program Files (x86)\Intel\iCLS Client\;C:\Program Files\Intel\iCLS Client\;C:\Windows\system32;C:\Windows;C:\Windows\System32\Wbem;C:\Windows\System32\WindowsPowerShell\v1.0\;C:\Program Files (x86)\NVIDIA Corporation\PhysX\Common;C:\Program Files (x86)\Intel\Intel(R) Management Engine Components\DAL;C:\Program Files\Intel\Intel(R) Management Engine Components\DAL;C:\Program Files (x86)\Intel\Intel(R) Management Engine Components\IPT;C:\Program Files\Intel\Intel(R) Management Engine Components\IPT;D:\Program Files\PuTTY\;C:\WINDOWS\system32;C:\WINDOWS;C:\WINDOWS\System32\Wbem;C:\WINDOWS\System32\WindowsPowerShell\v1.0\;C:\WINDOWS\System32\OpenSSH\;C:\xampp\php;C:\Program Files\Java\jdk1.8.0_192\lib;C:\Program Files\Java\jdk1.8.0_192\bin;C:\Program Files\dotnet\;C:\Program Files\Microsoft SQL Server\Client SDK\ODBC\170\Tools\Binn\;C:\composer;C:\Program Files (x86)\Microsoft SQL Server\100\Tools\Binn\;C:\Program Files\Microsoft SQL Server\100\Tools\Binn\;C:\Program Files\Microsoft SQL Server\100\DTS\Binn\;C:\Program Files (x86)\Microsoft SQL Server\100\Tools\Binn\VSShell\Common7\IDE\;C:\Program Files (x86)\Microsoft SQL Server\100\DTS\Binn\;C:\Program Files\TortoiseSVN\bin;C:\Users\luis.constante\AppData\Local\Microsoft\WindowsApps;C:\Users\luis.constante\AppData\Roaming\Composer\vendor\bin;
USERNAME=luis.constante
OS=Windows_NT
PROCESSOR_IDENTIFIER=Intel64 Family 6 Model 142 Stepping 10, GenuineIntel



---------------  S Y S T E M  ---------------

OS: Windows 10.0 , 64 bit Build 18362 (10.0.18362.329)

CPU:total 8 (initial active 8) (4 cores per cpu, 2 threads per core) family 6 model 142 stepping 10, cmov, cx8, fxsr, mmx, sse, sse2, sse3, ssse3, sse4.1, sse4.2, popcnt, avx, avx2, aes, clmul, erms, 3dnowpref, lzcnt, ht, tsc, tscinvbit, bmi1, bmi2, adx

Memory: 4k page, physical 8272408k(368212k free), swap 16661016k(4316k free)

vm_info: OpenJDK 64-Bit Server VM (25.202-b03) for windows-amd64 JRE (1.8.0_202-release-1483-b03), built by "builder" with MS VC++ 10.0 (VS2010)

time: Thu Oct 24 14:11:26 2019
timezone: Hora est. Pacífico, Sudamérica
elapsed time: 154 seconds (0d 0h 2m 34s)

