#
# There is insufficient memory for the Java Runtime Environment to continue.
# Native memory allocation (malloc) failed to allocate 1687136 bytes for Chunk::new
# Possible reasons:
#   The system is out of physical RAM or swap space
#   The process is running with CompressedOops enabled, and the Java Heap may be blocking the growth of the native heap
# Possible solutions:
#   Reduce memory load on the system
#   Increase physical memory or swap space
#   Check if swap backing store is full
#   Decrease Java heap size (-Xmx/-Xms)
#   Decrease number of Java threads
#   Decrease Java thread stack sizes (-Xss)
#   Set larger code cache with -XX:ReservedCodeCacheSize=
#   JVM is running with Unscaled Compressed Oops mode in which the Java heap is
#     placed in the first 4GB address space. The Java Heap base address is the
#     maximum limit for the native heap growth. Please use -XX:HeapBaseMinAddress
#     to set the Java Heap base and to place the Java Heap above 4GB virtual address.
# This output file may be truncated or incomplete.
#
#  Out of Memory Error (allocation.cpp:389), pid=10836, tid=0x000000000000529c
#
# JRE version: OpenJDK Runtime Environment (8.0_202-b03) (build 1.8.0_202-release-1483-b03)
# Java VM: OpenJDK 64-Bit Server VM (25.202-b03 mixed mode windows-amd64 compressed oops)
# Failed to write core dump. Minidumps are not enabled by default on client versions of Windows
#

---------------  T H R E A D  ---------------

Current thread (0x0000000018569800):  JavaThread "C2 CompilerThread1" daemon [_thread_in_native, id=21148, stack(0x0000000018f00000,0x0000000019000000)]

Stack: [0x0000000018f00000,0x0000000019000000]
[error occurred during error reporting (printing stack bounds), id 0xc0000005]

Native frames: (J=compiled Java code, j=interpreted, Vv=VM code, C=native code)


Current CompileTask:
C2: 115940 12087 %     4       com.android.tools.r8.ir.regalloc.LinearScanRegisterAllocator::a @ 2036 (3743 bytes)


---------------  P R O C E S S  ---------------

Java Threads: ( => current thread )
  0x0000000026566800 JavaThread "ForkJoinPool-4-worker-0" daemon [_thread_blocked, id=22400, stack(0x000000002a7f0000,0x000000002a8f0000)]
  0x000000002655e000 JavaThread "ForkJoinPool-4-worker-7" daemon [_thread_blocked, id=24528, stack(0x000000002a6f0000,0x000000002a7f0000)]
  0x0000000026564800 JavaThread "ForkJoinPool-4-worker-6" daemon [_thread_blocked, id=24444, stack(0x000000002a5f0000,0x000000002a6f0000)]
  0x0000000026564000 JavaThread "ForkJoinPool-4-worker-5" daemon [_thread_blocked, id=22384, stack(0x000000002a4f0000,0x000000002a5f0000)]
  0x000000002655c800 JavaThread "ForkJoinPool-4-worker-4" daemon [_thread_blocked, id=10008, stack(0x000000002a3f0000,0x000000002a4f0000)]
  0x0000000026563000 JavaThread "ForkJoinPool-4-worker-3" daemon [_thread_blocked, id=11312, stack(0x000000002a2f0000,0x000000002a3f0000)]
  0x000000002655b800 JavaThread "ForkJoinPool-4-worker-2" daemon [_thread_blocked, id=11936, stack(0x000000002a1f0000,0x000000002a2f0000)]
  0x000000002655f800 JavaThread "ForkJoinPool-4-worker-1" daemon [_thread_blocked, id=6836, stack(0x000000002a0f0000,0x000000002a1f0000)]
  0x000000002655e800 JavaThread "WorkerExecutor Queue Thread 7" [_thread_blocked, id=21816, stack(0x0000000029ff0000,0x000000002a0f0000)]
  0x0000000026561800 JavaThread "WorkerExecutor Queue Thread 6" [_thread_blocked, id=1996, stack(0x0000000029940000,0x0000000029a40000)]
  0x0000000026561000 JavaThread "ForkJoinPool.commonPool-worker-7" daemon [_thread_blocked, id=22124, stack(0x0000000029ef0000,0x0000000029ff0000)]
  0x000000002655d000 JavaThread "ForkJoinPool.commonPool-worker-6" daemon [_thread_blocked, id=14060, stack(0x0000000029df0000,0x0000000029ef0000)]
  0x0000000026560000 JavaThread "ForkJoinPool.commonPool-worker-5" daemon [_thread_blocked, id=18888, stack(0x0000000029cf0000,0x0000000029df0000)]
  0x0000000026562800 JavaThread "ForkJoinPool.commonPool-worker-4" daemon [_thread_blocked, id=7760, stack(0x0000000029bf0000,0x0000000029cf0000)]
  0x0000000019bd5800 JavaThread "ForkJoinPool.commonPool-worker-3" daemon [_thread_blocked, id=10576, stack(0x0000000029840000,0x0000000029940000)]
  0x0000000027a2c000 JavaThread "ForkJoinPool.commonPool-worker-2" daemon [_thread_blocked, id=8872, stack(0x0000000029740000,0x0000000029840000)]
  0x0000000027a2b000 JavaThread "ForkJoinPool.commonPool-worker-1" daemon [_thread_blocked, id=10508, stack(0x0000000029640000,0x0000000029740000)]
  0x0000000027a28000 JavaThread "WorkerExecutor Queue Thread 5" [_thread_blocked, id=23440, stack(0x0000000029540000,0x0000000029640000)]
  0x0000000027a29800 JavaThread "WorkerExecutor Queue Thread 4" [_thread_blocked, id=18012, stack(0x0000000029440000,0x0000000029540000)]
  0x0000000027a2f000 JavaThread "WorkerExecutor Queue Thread 3" [_thread_blocked, id=23676, stack(0x0000000029340000,0x0000000029440000)]
  0x0000000027a2e000 JavaThread "WorkerExecutor Queue Thread 2" [_thread_in_Java, id=19564, stack(0x0000000029240000,0x0000000029340000)]
  0x0000000027a2d800 JavaThread "WorkerExecutor Queue" [_thread_blocked, id=15104, stack(0x0000000025960000,0x0000000025a60000)]
  0x0000000019bd6000 JavaThread "Cache worker for execution history cache (C:\proyectos android\login\.gradle\5.4.1\executionHistory)" [_thread_blocked, id=17296, stack(0x0000000024ef0000,0x0000000024ff0000)]
  0x0000000019bd4000 JavaThread "Execution worker for ':' Thread 7" [_thread_blocked, id=22180, stack(0x0000000025660000,0x0000000025760000)]
  0x0000000019bd1000 JavaThread "Execution worker for ':' Thread 6" [_thread_blocked, id=23640, stack(0x0000000025560000,0x0000000025660000)]
  0x0000000019bd7000 JavaThread "Execution worker for ':' Thread 5" [_thread_blocked, id=22548, stack(0x0000000025460000,0x0000000025560000)]
  0x0000000019bd2800 JavaThread "Execution worker for ':' Thread 4" [_thread_blocked, id=22276, stack(0x0000000025360000,0x0000000025460000)]
  0x0000000019bc9000 JavaThread "Execution worker for ':' Thread 3" [_thread_blocked, id=21776, stack(0x0000000025260000,0x0000000025360000)]
  0x0000000019bcf000 JavaThread "Execution worker for ':' Thread 2" [_thread_blocked, id=21124, stack(0x0000000025160000,0x0000000025260000)]
  0x0000000019bce800 JavaThread "Execution worker for ':'" [_thread_blocked, id=21668, stack(0x0000000025060000,0x0000000025160000)]
  0x0000000019bcd800 JavaThread "Cache worker for file content cache (C:\proyectos android\login\.gradle\5.4.1\fileContent)" [_thread_blocked, id=22324, stack(0x0000000024bf0000,0x0000000024cf0000)]
  0x0000000019bcd000 JavaThread "Cache worker for file content cache (C:\Users\luis.constante\.gradle\caches\5.4.1\fileContent)" [_thread_blocked, id=8500, stack(0x0000000024af0000,0x0000000024bf0000)]
  0x0000000019bd0000 JavaThread "Cache worker for Build Output Cleanup Cache (C:\proyectos android\login\.gradle\buildOutputCleanup)" [_thread_blocked, id=23400, stack(0x0000000023890000,0x0000000023990000)]
  0x0000000019bcb800 JavaThread "pool-2-thread-1" [_thread_blocked, id=14240, stack(0x0000000023590000,0x0000000023690000)]
  0x0000000019bca000 JavaThread "Build operations Thread 8" [_thread_blocked, id=20000, stack(0x0000000023090000,0x0000000023190000)]
  0x0000000019bca800 JavaThread "Build operations Thread 7" [_thread_blocked, id=23848, stack(0x0000000022f90000,0x0000000023090000)]
  0x0000000019bcc000 JavaThread "Build operations Thread 6" [_thread_blocked, id=5188, stack(0x0000000022e90000,0x0000000022f90000)]
  0x000000001a576000 JavaThread "Build operations Thread 5" [_thread_blocked, id=21356, stack(0x0000000022d90000,0x0000000022e90000)]
  0x000000001dd3c800 JavaThread "Build operations Thread 4" [_thread_blocked, id=20452, stack(0x0000000022c90000,0x0000000022d90000)]
  0x000000001dd3b800 JavaThread "Build operations Thread 3" [_thread_blocked, id=13332, stack(0x0000000022b90000,0x0000000022c90000)]
  0x000000001dd3b000 JavaThread "Build operations Thread 2" [_thread_blocked, id=16512, stack(0x0000000022a90000,0x0000000022b90000)]
  0x000000001dd33000 JavaThread "Build operations" [_thread_blocked, id=12616, stack(0x0000000022990000,0x0000000022a90000)]
  0x000000001dd39800 JavaThread "Cache worker for cache directory md-rule (C:\Users\luis.constante\.gradle\caches\5.4.1\md-rule)" [_thread_blocked, id=5612, stack(0x000000001faf0000,0x000000001fbf0000)]
  0x000000001dd38800 JavaThread "Cache worker for cache directory md-supplier (C:\Users\luis.constante\.gradle\caches\5.4.1\md-supplier)" [_thread_blocked, id=16048, stack(0x000000001f9f0000,0x000000001faf0000)]
  0x000000001dd38000 JavaThread "Cache worker for file hash cache (C:\proyectos android\login\.gradle\5.4.1\fileHashes)" [_thread_blocked, id=21100, stack(0x000000001f8f0000,0x000000001f9f0000)]
  0x000000001dd37000 JavaThread "Thread-40" [_thread_blocked, id=16744, stack(0x000000001f7f0000,0x000000001f8f0000)]
  0x000000001dd36800 JavaThread "Stdin handler" [_thread_blocked, id=7896, stack(0x000000001cb50000,0x000000001cc50000)]
  0x000000001dd35800 JavaThread "Asynchronous log dispatcher for DefaultDaemonConnection: socket connection from /127.0.0.1:59045 to /127.0.0.1:59070" [_thread_blocked, id=23204, stack(0x000000001ca50000,0x000000001cb50000)]
  0x000000001dd2f800 JavaThread "Daemon worker Thread 2" [_thread_blocked, id=13576, stack(0x000000001c550000,0x000000001c650000)]
  0x000000001dd31800 JavaThread "Cancel handler" [_thread_blocked, id=6964, stack(0x0000000002660000,0x0000000002760000)]
  0x000000001dd30000 JavaThread "Handler for socket connection from /127.0.0.1:59045 to /127.0.0.1:59070" [_thread_in_native, id=16844, stack(0x0000000000c00000,0x0000000000d00000)]
  0x000000001dd32800 JavaThread "Daemon Thread 2" [_thread_blocked, id=13732, stack(0x0000000000b00000,0x0000000000c00000)]
  0x000000001dd3e800 JavaThread "Memory manager" [_thread_blocked, id=20244, stack(0x0000000023b90000,0x0000000023c90000)]
  0x000000001dd34000 JavaThread "Cache worker for execution history cache (C:\Users\luis.constante\.gradle\caches\5.4.1\executionHistory)" [_thread_blocked, id=15028, stack(0x0000000021690000,0x0000000021790000)]
  0x000000001a574800 JavaThread "Cache worker for journal cache (C:\Users\luis.constante\.gradle\caches\journal-1)" [_thread_blocked, id=1500, stack(0x000000001d350000,0x000000001d450000)]
  0x000000001a57a800 JavaThread "File lock request listener" [_thread_in_native, id=8748, stack(0x000000001d050000,0x000000001d150000)]
  0x000000001a578000 JavaThread "Cache worker for file hash cache (C:\Users\luis.constante\.gradle\caches\5.4.1\fileHashes)" [_thread_blocked, id=20304, stack(0x000000001cf50000,0x000000001d050000)]
  0x000000001ab39000 JavaThread "Daemon periodic checks" [_thread_blocked, id=20472, stack(0x000000001c450000,0x000000001c550000)]
  0x00000000188b2800 JavaThread "Incoming local TCP Connector on port 59045" [_thread_in_native, id=19940, stack(0x000000001c1e0000,0x000000001c2e0000)]
  0x0000000019e48800 JavaThread "Daemon health stats" [_thread_blocked, id=22948, stack(0x000000001bba0000,0x000000001bca0000)]
  0x0000000018576000 JavaThread "Service Thread" daemon [_thread_blocked, id=20592, stack(0x0000000019200000,0x0000000019300000)]
  0x0000000018570800 JavaThread "C1 CompilerThread3" daemon [_thread_blocked, id=22680, stack(0x0000000019100000,0x0000000019200000)]
  0x000000001856c000 JavaThread "C2 CompilerThread2" daemon [_thread_in_native, id=4580, stack(0x0000000019000000,0x0000000019100000)]
=>0x0000000018569800 JavaThread "C2 CompilerThread1" daemon [_thread_in_native, id=21148, stack(0x0000000018f00000,0x0000000019000000)]
  0x000000001850d000 JavaThread "C2 CompilerThread0" daemon [_thread_in_native, id=24328, stack(0x0000000018e00000,0x0000000018f00000)]
  0x0000000018508000 JavaThread "Attach Listener" daemon [_thread_blocked, id=10672, stack(0x0000000018d00000,0x0000000018e00000)]
  0x0000000018507000 JavaThread "Signal Dispatcher" daemon [_thread_blocked, id=22856, stack(0x0000000018c00000,0x0000000018d00000)]
  0x0000000018501000 JavaThread "Finalizer" daemon [_thread_blocked, id=2000, stack(0x00000000189e0000,0x0000000018ae0000)]
  0x0000000018500800 JavaThread "Reference Handler" daemon [_thread_blocked, id=22576, stack(0x00000000188e0000,0x00000000189e0000)]
  0x0000000002862800 JavaThread "main" [_thread_blocked, id=22592, stack(0x0000000002760000,0x0000000002860000)]

Other Threads:
  0x0000000016716000 VMThread [stack: 0x00000000183e0000,0x00000000184e0000] [id=22216]
  0x0000000018577000 WatcherThread [stack: 0x0000000019300000,0x0000000019400000] [id=7948]

VM state:not at safepoint (normal execution)

VM Mutex/Monitor currently owned by a thread: None

heap address: 0x00000000a0000000, size: 1536 MB, Compressed Oops mode: 32-bit
Narrow klass base: 0x0000000000000000, Narrow klass shift: 3
Compressed class space size: 1073741824 Address: 0x0000000100000000

Heap:
 PSYoungGen      total 397824K, used 251758K [0x00000000e0000000, 0x00000000fdc80000, 0x0000000100000000)
  eden space 372736K, 62% used [0x00000000e0000000,0x00000000ee4887a8,0x00000000f6c00000)
  from space 25088K, 70% used [0x00000000f6c00000,0x00000000f7d53418,0x00000000f8480000)
  to   space 25600K, 0% used [0x00000000fc380000,0x00000000fc380000,0x00000000fdc80000)
 ParOldGen       total 133632K, used 46035K [0x00000000a0000000, 0x00000000a8280000, 0x00000000e0000000)
  object space 133632K, 34% used [0x00000000a0000000,0x00000000a2cf4de0,0x00000000a8280000)
 Metaspace       used 74782K, capacity 77964K, committed 78040K, reserved 1116160K
  class space    used 9812K, capacity 10447K, committed 10496K, reserved 1048576K

Card table byte_map: [0x0000000011d20000,0x0000000012030000] byte_map_base: 0x0000000011820000

Marking Bits: (ParMarkBitMap*) 0x0000000066e69f30
 Begin Bits: [0x0000000012a30000, 0x0000000014230000)
 End Bits:   [0x0000000014230000, 0x0000000015a30000)

Polling page: 0x00000000009e0000

CodeCache: size=245760Kb used=35057Kb max_used=35079Kb free=210703Kb
 bounds [0x0000000002960000, 0x0000000004be0000, 0x0000000011960000]
 total_blobs=11700 nmethods=10886 adapters=725
 compilation: enabled

Compilation events (10 events):
Event: 115.907 Thread 0x0000000018570800 12737 %     3       java.util.concurrent.ConcurrentHashMap$CollectionView::toArray @ 44 (145 bytes)
Event: 115.909 Thread 0x0000000018570800 nmethod 12737% 0x0000000004606e10 code [0x0000000004607040, 0x0000000004607ed8]
Event: 115.909 Thread 0x0000000018570800 12738       3       java.util.concurrent.ConcurrentHashMap$CollectionView::toArray (145 bytes)
Event: 115.911 Thread 0x0000000018570800 nmethod 12738 0x0000000004605850 code [0x0000000004605a80, 0x0000000004606878]
Event: 115.924 Thread 0x0000000018570800 12740       2       com.google.common.collect.SingletonImmutableSet::iterator (5 bytes)
Event: 115.925 Thread 0x0000000018570800 nmethod 12740 0x0000000004891150 code [0x00000000048912a0, 0x0000000004891470]
Event: 115.925 Thread 0x0000000018570800 12741       2       com.google.common.collect.SingletonImmutableSet::iterator (8 bytes)
Event: 115.925 Thread 0x0000000018570800 nmethod 12741 0x0000000004890d90 code [0x0000000004890ee0, 0x0000000004891090]
Event: 115.925 Thread 0x0000000018570800 12742       2       com.google.common.collect.ImmutableSet::<init> (5 bytes)
Event: 115.926 Thread 0x0000000018570800 nmethod 12742 0x0000000004890a50 code [0x0000000004890ba0, 0x0000000004890cf0]

GC Heap History (10 events):
Event: 107.157 GC heap before
{Heap before GC invocations=16 (full 3):
 PSYoungGen      total 272384K, used 261520K [0x00000000e0000000, 0x00000000f2200000, 0x0000000100000000)
  eden space 250880K, 100% used [0x00000000e0000000,0x00000000ef500000,0x00000000ef500000)
  from space 21504K, 49% used [0x00000000f0d00000,0x00000000f17641f0,0x00000000f2200000)
  to   space 23040K, 0% used [0x00000000ef500000,0x00000000ef500000,0x00000000f0b80000)
 ParOldGen       total 133632K, used 45995K [0x00000000a0000000, 0x00000000a8280000, 0x00000000e0000000)
  object space 133632K, 34% used [0x00000000a0000000,0x00000000a2ceade0,0x00000000a8280000)
 Metaspace       used 72464K, capacity 75428K, committed 75736K, reserved 1114112K
  class space    used 9599K, capacity 10177K, committed 10240K, reserved 1048576K
Event: 107.176 GC heap after
Heap after GC invocations=16 (full 3):
 PSYoungGen      total 273920K, used 12031K [0x00000000e0000000, 0x00000000f4d00000, 0x0000000100000000)
  eden space 250880K, 0% used [0x00000000e0000000,0x00000000e0000000,0x00000000ef500000)
  from space 23040K, 52% used [0x00000000ef500000,0x00000000f00bffc8,0x00000000f0b80000)
  to   space 22016K, 0% used [0x00000000f3780000,0x00000000f3780000,0x00000000f4d00000)
 ParOldGen       total 133632K, used 46003K [0x00000000a0000000, 0x00000000a8280000, 0x00000000e0000000)
  object space 133632K, 34% used [0x00000000a0000000,0x00000000a2cecde0,0x00000000a8280000)
 Metaspace       used 72464K, capacity 75428K, committed 75736K, reserved 1114112K
  class space    used 9599K, capacity 10177K, committed 10240K, reserved 1048576K
}
Event: 108.208 GC heap before
{Heap before GC invocations=17 (full 3):
 PSYoungGen      total 273920K, used 262911K [0x00000000e0000000, 0x00000000f4d00000, 0x0000000100000000)
  eden space 250880K, 100% used [0x00000000e0000000,0x00000000ef500000,0x00000000ef500000)
  from space 23040K, 52% used [0x00000000ef500000,0x00000000f00bffc8,0x00000000f0b80000)
  to   space 22016K, 0% used [0x00000000f3780000,0x00000000f3780000,0x00000000f4d00000)
 ParOldGen       total 133632K, used 46003K [0x00000000a0000000, 0x00000000a8280000, 0x00000000e0000000)
  object space 133632K, 34% used [0x00000000a0000000,0x00000000a2cecde0,0x00000000a8280000)
 Metaspace       used 72589K, capacity 75508K, committed 75736K, reserved 1114112K
  class space    used 9602K, capacity 10179K, committed 10240K, reserved 1048576K
Event: 108.252 GC heap after
Heap after GC invocations=17 (full 3):
 PSYoungGen      total 319488K, used 12606K [0x00000000e0000000, 0x00000000f5a00000, 0x0000000100000000)
  eden space 297472K, 0% used [0x00000000e0000000,0x00000000e0000000,0x00000000f2280000)
  from space 22016K, 57% used [0x00000000f3780000,0x00000000f43cf9a0,0x00000000f4d00000)
  to   space 21504K, 0% used [0x00000000f2280000,0x00000000f2280000,0x00000000f3780000)
 ParOldGen       total 133632K, used 46011K [0x00000000a0000000, 0x00000000a8280000, 0x00000000e0000000)
  object space 133632K, 34% used [0x00000000a0000000,0x00000000a2ceede0,0x00000000a8280000)
 Metaspace       used 72589K, capacity 75508K, committed 75736K, reserved 1114112K
  class space    used 9602K, capacity 10179K, committed 10240K, reserved 1048576K
}
Event: 110.033 GC heap before
{Heap before GC invocations=18 (full 3):
 PSYoungGen      total 319488K, used 310078K [0x00000000e0000000, 0x00000000f5a00000, 0x0000000100000000)
  eden space 297472K, 100% used [0x00000000e0000000,0x00000000f2280000,0x00000000f2280000)
  from space 22016K, 57% used [0x00000000f3780000,0x00000000f43cf9a0,0x00000000f4d00000)
  to   space 21504K, 0% used [0x00000000f2280000,0x00000000f2280000,0x00000000f3780000)
 ParOldGen       total 133632K, used 46011K [0x00000000a0000000, 0x00000000a8280000, 0x00000000e0000000)
  object space 133632K, 34% used [0x00000000a0000000,0x00000000a2ceede0,0x00000000a8280000)
 Metaspace       used 73292K, capacity 76272K, committed 76504K, reserved 1116160K
  class space    used 9633K, capacity 10211K, committed 10240K, reserved 1048576K
Event: 110.088 GC heap after
Heap after GC invocations=18 (full 3):
 PSYoungGen      total 318976K, used 19983K [0x00000000e0000000, 0x00000000f9b80000, 0x0000000100000000)
  eden space 297472K, 0% used [0x00000000e0000000,0x00000000e0000000,0x00000000f2280000)
  from space 21504K, 92% used [0x00000000f2280000,0x00000000f3603e08,0x00000000f3780000)
  to   space 23552K, 0% used [0x00000000f8480000,0x00000000f8480000,0x00000000f9b80000)
 ParOldGen       total 133632K, used 46019K [0x00000000a0000000, 0x00000000a8280000, 0x00000000e0000000)
  object space 133632K, 34% used [0x00000000a0000000,0x00000000a2cf0de0,0x00000000a8280000)
 Metaspace       used 73292K, capacity 76272K, committed 76504K, reserved 1116160K
  class space    used 9633K, capacity 10211K, committed 10240K, reserved 1048576K
}
Event: 111.891 GC heap before
{Heap before GC invocations=19 (full 3):
 PSYoungGen      total 318976K, used 317455K [0x00000000e0000000, 0x00000000f9b80000, 0x0000000100000000)
  eden space 297472K, 100% used [0x00000000e0000000,0x00000000f2280000,0x00000000f2280000)
  from space 21504K, 92% used [0x00000000f2280000,0x00000000f3603e08,0x00000000f3780000)
  to   space 23552K, 0% used [0x00000000f8480000,0x00000000f8480000,0x00000000f9b80000)
 ParOldGen       total 133632K, used 46019K [0x00000000a0000000, 0x00000000a8280000, 0x00000000e0000000)
  object space 133632K, 34% used [0x00000000a0000000,0x00000000a2cf0de0,0x00000000a8280000)
 Metaspace       used 73878K, capacity 76986K, committed 77144K, reserved 1116160K
  class space    used 9700K, capacity 10338K, committed 10368K, reserved 1048576K
Event: 111.932 GC heap after
Heap after GC invocations=19 (full 3):
 PSYoungGen      total 396288K, used 19311K [0x00000000e0000000, 0x00000000f9e00000, 0x0000000100000000)
  eden space 372736K, 0% used [0x00000000e0000000,0x00000000e0000000,0x00000000f6c00000)
  from space 23552K, 81% used [0x00000000f8480000,0x00000000f975bd88,0x00000000f9b80000)
  to   space 25088K, 0% used [0x00000000f6c00000,0x00000000f6c00000,0x00000000f8480000)
 ParOldGen       total 133632K, used 46027K [0x00000000a0000000, 0x00000000a8280000, 0x00000000e0000000)
  object space 133632K, 34% used [0x00000000a0000000,0x00000000a2cf2de0,0x00000000a8280000)
 Metaspace       used 73878K, capacity 76986K, committed 77144K, reserved 1116160K
  class space    used 9700K, capacity 10338K, committed 10368K, reserved 1048576K
}
Event: 113.932 GC heap before
{Heap before GC invocations=20 (full 3):
 PSYoungGen      total 396288K, used 392047K [0x00000000e0000000, 0x00000000f9e00000, 0x0000000100000000)
  eden space 372736K, 100% used [0x00000000e0000000,0x00000000f6c00000,0x00000000f6c00000)
  from space 23552K, 81% used [0x00000000f8480000,0x00000000f975bd88,0x00000000f9b80000)
  to   space 25088K, 0% used [0x00000000f6c00000,0x00000000f6c00000,0x00000000f8480000)
 ParOldGen       total 133632K, used 46027K [0x00000000a0000000, 0x00000000a8280000, 0x00000000e0000000)
  object space 133632K, 34% used [0x00000000a0000000,0x00000000a2cf2de0,0x00000000a8280000)
 Metaspace       used 73990K, capacity 77114K, committed 77144K, reserved 1116160K
  class space    used 9700K, capacity 10338K, committed 10368K, reserved 1048576K
Event: 113.978 GC heap after
Heap after GC invocations=20 (full 3):
 PSYoungGen      total 397824K, used 17741K [0x00000000e0000000, 0x00000000fdc80000, 0x0000000100000000)
  eden space 372736K, 0% used [0x00000000e0000000,0x00000000e0000000,0x00000000f6c00000)
  from space 25088K, 70% used [0x00000000f6c00000,0x00000000f7d53418,0x00000000f8480000)
  to   space 25600K, 0% used [0x00000000fc380000,0x00000000fc380000,0x00000000fdc80000)
 ParOldGen       total 133632K, used 46035K [0x00000000a0000000, 0x00000000a8280000, 0x00000000e0000000)
  object space 133632K, 34% used [0x00000000a0000000,0x00000000a2cf4de0,0x00000000a8280000)
 Metaspace       used 73990K, capacity 77114K, committed 77144K, reserved 1116160K
  class space    used 9700K, capacity 10338K, committed 10368K, reserved 1048576K
}

Deoptimization events (10 events):
Event: 114.640 Thread 0x0000000019bd1000 Uncommon trap: reason=unstable_if action=reinterpret pc=0x0000000002d27898 method=java.lang.AbstractStringBuilder.append(I)Ljava/lang/AbstractStringBuilder; @ 16
Event: 114.640 Thread 0x0000000019bd1000 Uncommon trap: reason=unstable_if action=reinterpret pc=0x0000000002cce0f8 method=java.lang.AbstractStringBuilder.append(I)Ljava/lang/AbstractStringBuilder; @ 16
Event: 115.497 Thread 0x0000000027a2e000 Uncommon trap: reason=unstable_if action=reinterpret pc=0x0000000003b58dd4 method=java.nio.Bits.getShort(Ljava/nio/ByteBuffer;IZ)S @ 1
Event: 115.688 Thread 0x000000002655f800 Uncommon trap: reason=unstable_if action=reinterpret pc=0x0000000003b19af0 method=java.util.Arrays.hashCode([Ljava/lang/Object;)I @ 1
Event: 115.765 Thread 0x000000002655e000 Uncommon trap: reason=unstable_if action=reinterpret pc=0x0000000003c4d750 method=java.util.concurrent.ConcurrentLinkedQueue.offer(Ljava/lang/Object;)Z @ 40
Event: 115.765 Thread 0x000000002655e000 Uncommon trap: reason=unstable_if action=reinterpret pc=0x0000000002e18f90 method=java.util.concurrent.ConcurrentLinkedQueue.offer(Ljava/lang/Object;)Z @ 40
Event: 115.858 Thread 0x0000000019bd2800 Uncommon trap: reason=class_check action=maybe_recompile pc=0x0000000002aaff68 method=sun.reflect.generics.reflectiveObjects.TypeVariableImpl.getGenericDeclaration()Ljava/lang/reflect/GenericDeclaration; @ 4
Event: 115.858 Thread 0x0000000019bd2800 Uncommon trap: reason=class_check action=maybe_recompile pc=0x0000000002aaff68 method=sun.reflect.generics.reflectiveObjects.TypeVariableImpl.getGenericDeclaration()Ljava/lang/reflect/GenericDeclaration; @ 4
Event: 115.858 Thread 0x0000000019bd2800 Uncommon trap: reason=class_check action=maybe_recompile pc=0x0000000002aaff68 method=sun.reflect.generics.reflectiveObjects.TypeVariableImpl.getGenericDeclaration()Ljava/lang/reflect/GenericDeclaration; @ 4
Event: 115.858 Thread 0x0000000019bd2800 Uncommon trap: reason=class_check action=maybe_recompile pc=0x0000000002aaff68 method=sun.reflect.generics.reflectiveObjects.TypeVariableImpl.getGenericDeclaration()Ljava/lang/reflect/GenericDeclaration; @ 4

Classes redefined (0 events):
No events

Internal exceptions (10 events):
Event: 114.143 Thread 0x0000000027a2f000 Exception <a 'sun/nio/fs/WindowsException'> (0x00000000e1d1d670) thrown at [D:\src\AOSP-openjdk-cygwin\jdk8u\hotspot\src\share\vm\prims\jni.cpp, line 710]
Event: 114.148 Thread 0x0000000027a2f000 Exception <a 'sun/nio/fs/WindowsException'> (0x00000000e1d24c88) thrown at [D:\src\AOSP-openjdk-cygwin\jdk8u\hotspot\src\share\vm\prims\jni.cpp, line 710]
Event: 114.151 Thread 0x0000000027a2f000 Exception <a 'sun/nio/fs/WindowsException'> (0x00000000e1d2be60) thrown at [D:\src\AOSP-openjdk-cygwin\jdk8u\hotspot\src\share\vm\prims\jni.cpp, line 710]
Event: 114.153 Thread 0x0000000027a2f000 Exception <a 'sun/nio/fs/WindowsException'> (0x00000000e1d32618) thrown at [D:\src\AOSP-openjdk-cygwin\jdk8u\hotspot\src\share\vm\prims\jni.cpp, line 710]
Event: 114.518 Thread 0x0000000019bc9000 Exception <a 'sun/nio/fs/WindowsException'> (0x00000000e5abc780) thrown at [D:\src\AOSP-openjdk-cygwin\jdk8u\hotspot\src\share\vm\prims\jni.cpp, line 710]
Event: 114.531 Thread 0x0000000019bd2800 Exception <a 'sun/nio/fs/WindowsException'> (0x00000000e5baf628) thrown at [D:\src\AOSP-openjdk-cygwin\jdk8u\hotspot\src\share\vm\prims\jni.cpp, line 710]
Event: 115.034 Thread 0x0000000019bd1000 Exception <a 'java/lang/NoSuchMethodError': <clinit>> (0x00000000e90553f8) thrown at [D:\src\AOSP-openjdk-cygwin\jdk8u\hotspot\src\share\vm\prims\jni.cpp, line 1614]
Event: 115.036 Thread 0x0000000019bd1000 Exception <a 'java/lang/NoSuchMethodError': <clinit>> (0x00000000e90685d8) thrown at [D:\src\AOSP-openjdk-cygwin\jdk8u\hotspot\src\share\vm\prims\jni.cpp, line 1614]
Event: 115.477 Thread 0x0000000027a2e000 Exception <a 'sun/nio/fs/WindowsException'> (0x00000000eb198358) thrown at [D:\src\AOSP-openjdk-cygwin\jdk8u\hotspot\src\share\vm\prims\jni.cpp, line 710]
Event: 115.687 Thread 0x000000002655f800 Implicit null exception at 0x0000000003b199ef to 0x0000000003b19ae1

Events (10 events):
Event: 115.930 loading class com/android/builder/utils/ExceptionConsumer
Event: 115.930 loading class com/android/builder/utils/ExceptionConsumer done
Event: 115.931 loading class com/android/builder/utils/ExceptionFunction
Event: 115.931 loading class com/android/builder/utils/ExceptionFunction done
Event: 115.931 loading class com/android/builder/utils/ExceptionFunction
Event: 115.931 loading class com/android/builder/utils/ExceptionFunction done
Event: 115.932 loading class com/android/builder/utils/SynchronizedFile$LockingType
Event: 115.932 loading class com/android/builder/utils/SynchronizedFile$LockingType done
Event: 115.933 Executing VM operation: RevokeBias
Event: 115.937 Executing VM operation: RevokeBias done


Dynamic libraries:
0x00007ff6b09c0000 - 0x00007ff6b09f1000 	C:\Program Files\Android\Android Studio\jre\bin\java.exe
0x00007ff9a29c0000 - 0x00007ff9a2bb0000 	C:\WINDOWS\SYSTEM32\ntdll.dll
0x00007ff9a15e0000 - 0x00007ff9a1692000 	C:\WINDOWS\System32\KERNEL32.DLL
0x00007ff99f980000 - 0x00007ff99fc23000 	C:\WINDOWS\System32\KERNELBASE.dll
0x00007ff9a16d0000 - 0x00007ff9a1773000 	C:\WINDOWS\System32\ADVAPI32.dll
0x00007ff9a19f0000 - 0x00007ff9a1a8e000 	C:\WINDOWS\System32\msvcrt.dll
0x00007ff9a0c10000 - 0x00007ff9a0ca7000 	C:\WINDOWS\System32\sechost.dll
0x00007ff9a0af0000 - 0x00007ff9a0c10000 	C:\WINDOWS\System32\RPCRT4.dll
0x00007ff9a1b70000 - 0x00007ff9a1d04000 	C:\WINDOWS\System32\USER32.dll
0x00007ff99fc30000 - 0x00007ff99fc51000 	C:\WINDOWS\System32\win32u.dll
0x00007ff9a1d10000 - 0x00007ff9a1d36000 	C:\WINDOWS\System32\GDI32.dll
0x00007ff9a08d0000 - 0x00007ff9a0a64000 	C:\WINDOWS\System32\gdi32full.dll
0x00007ff99fcc0000 - 0x00007ff99fd5e000 	C:\WINDOWS\System32\msvcp_win.dll
0x00007ff9a07d0000 - 0x00007ff9a08ca000 	C:\WINDOWS\System32\ucrtbase.dll
0x00007ff98de70000 - 0x00007ff98e0f5000 	C:\WINDOWS\WinSxS\amd64_microsoft.windows.common-controls_6595b64144ccf1df_6.0.18362.418_none_e6c6b287130d565d\COMCTL32.dll
0x00007ff9a2030000 - 0x00007ff9a2366000 	C:\WINDOWS\System32\combase.dll
0x00007ff99fd60000 - 0x00007ff99fde0000 	C:\WINDOWS\System32\bcryptPrimitives.dll
0x00007ff9a16a0000 - 0x00007ff9a16ce000 	C:\WINDOWS\System32\IMM32.DLL
0x0000000067090000 - 0x0000000067162000 	C:\Program Files\Android\Android Studio\jre\jre\bin\msvcr100.dll
0x00000000666a0000 - 0x0000000066ee6000 	C:\Program Files\Android\Android Studio\jre\jre\bin\server\jvm.dll
0x00007ff9a1b40000 - 0x00007ff9a1b48000 	C:\WINDOWS\System32\PSAPI.DLL
0x00007ff983890000 - 0x00007ff983899000 	C:\WINDOWS\SYSTEM32\WSOCK32.dll
0x00007ff99d260000 - 0x00007ff99d284000 	C:\WINDOWS\SYSTEM32\WINMM.dll
0x00007ff9a28b0000 - 0x00007ff9a291f000 	C:\WINDOWS\System32\WS2_32.dll
0x00007ff994020000 - 0x00007ff99402a000 	C:\WINDOWS\SYSTEM32\VERSION.dll
0x00007ff99cde0000 - 0x00007ff99ce0d000 	C:\WINDOWS\SYSTEM32\WINMMBASE.dll
0x00007ff9a0560000 - 0x00007ff9a05aa000 	C:\WINDOWS\System32\cfgmgr32.dll
0x00007ff99d490000 - 0x00007ff99d49f000 	C:\Program Files\Android\Android Studio\jre\jre\bin\verify.dll
0x00007ff998b20000 - 0x00007ff998b49000 	C:\Program Files\Android\Android Studio\jre\jre\bin\java.dll
0x00007ff99d450000 - 0x00007ff99d466000 	C:\Program Files\Android\Android Studio\jre\jre\bin\zip.dll
0x00007ff9a0cc0000 - 0x00007ff9a13a5000 	C:\WINDOWS\System32\SHELL32.dll
0x00007ff9a18e0000 - 0x00007ff9a1989000 	C:\WINDOWS\System32\shcore.dll
0x00007ff99fde0000 - 0x00007ff9a055f000 	C:\WINDOWS\System32\windows.storage.dll
0x00007ff99f930000 - 0x00007ff99f94f000 	C:\WINDOWS\System32\profapi.dll
0x00007ff99f8e0000 - 0x00007ff99f92a000 	C:\WINDOWS\System32\powrprof.dll
0x00007ff99f890000 - 0x00007ff99f8a0000 	C:\WINDOWS\System32\UMPDC.dll
0x00007ff9a2920000 - 0x00007ff9a2972000 	C:\WINDOWS\System32\shlwapi.dll
0x00007ff99f8c0000 - 0x00007ff99f8d1000 	C:\WINDOWS\System32\kernel.appcore.dll
0x00007ff9a0700000 - 0x00007ff9a0717000 	C:\WINDOWS\System32\cryptsp.dll
0x00007ff99a580000 - 0x00007ff99a59a000 	C:\Program Files\Android\Android Studio\jre\jre\bin\net.dll
0x00007ff99f100000 - 0x00007ff99f167000 	C:\WINDOWS\system32\mswsock.dll
0x00007ff99a530000 - 0x00007ff99a541000 	C:\Program Files\Android\Android Studio\jre\jre\bin\nio.dll
0x00007ff992200000 - 0x00007ff992226000 	C:\Users\luis.constante\.gradle\native\29\windows-amd64\native-platform.dll
0x00007ff99b2e0000 - 0x00007ff99b2ed000 	C:\Program Files\Android\Android Studio\jre\jre\bin\management.dll
0x00007ff99ec10000 - 0x00007ff99ec43000 	C:\WINDOWS\system32\rsaenh.dll
0x00007ff99f950000 - 0x00007ff99f976000 	C:\WINDOWS\System32\bcrypt.dll
0x00007ff99f7b0000 - 0x00007ff99f7d5000 	C:\WINDOWS\SYSTEM32\USERENV.dll
0x00007ff99f2d0000 - 0x00007ff99f2dc000 	C:\WINDOWS\SYSTEM32\CRYPTBASE.dll
0x00007ff99ee10000 - 0x00007ff99ee4a000 	C:\WINDOWS\SYSTEM32\IPHLPAPI.DLL
0x00007ff9a1d40000 - 0x00007ff9a1d48000 	C:\WINDOWS\System32\NSI.dll
0x00007ff997dc0000 - 0x00007ff997dd6000 	C:\WINDOWS\SYSTEM32\dhcpcsvc6.DLL
0x00007ff997da0000 - 0x00007ff997dbc000 	C:\WINDOWS\SYSTEM32\dhcpcsvc.DLL
0x00007ff99ee50000 - 0x00007ff99ef1a000 	C:\WINDOWS\SYSTEM32\DNSAPI.dll

VM Arguments:
jvm_args: -Xmx1536m -Dfile.encoding=windows-1252 -Duser.country=EC -Duser.language=es -Duser.variant 
java_command: org.gradle.launcher.daemon.bootstrap.GradleDaemon 5.4.1
java_class_path (initial): C:\Users\luis.constante\.gradle\wrapper\dists\gradle-5.4.1-all\3221gyojl5jsh0helicew7rwx\gradle-5.4.1\lib\gradle-launcher-5.4.1.jar
Launcher Type: SUN_STANDARD

Environment Variables:
JAVA_HOME=C:\Program Files\Java\jdk-12.0.1
PATH=c:\app\luis.constante\product\12.1.0\client_1;C:\Program Files (x86)\Common Files\Oracle\Java\javapath;C:\Program Files (x86)\Intel\iCLS Client\;C:\Program Files\Intel\iCLS Client\;C:\Windows\system32;C:\Windows;C:\Windows\System32\Wbem;C:\Windows\System32\WindowsPowerShell\v1.0\;C:\Program Files (x86)\NVIDIA Corporation\PhysX\Common;C:\Program Files (x86)\Intel\Intel(R) Management Engine Components\DAL;C:\Program Files\Intel\Intel(R) Management Engine Components\DAL;C:\Program Files (x86)\Intel\Intel(R) Management Engine Components\IPT;C:\Program Files\Intel\Intel(R) Management Engine Components\IPT;D:\Program Files\PuTTY\;C:\WINDOWS\system32;C:\WINDOWS;C:\WINDOWS\System32\Wbem;C:\WINDOWS\System32\WindowsPowerShell\v1.0\;C:\WINDOWS\System32\OpenSSH\;C:\xampp\php;C:\Program Files\Java\jdk1.8.0_192\lib;C:\Program Files\Java\jdk1.8.0_192\bin;C:\Program Files\dotnet\;C:\Program Files\Microsoft SQL Server\Client SDK\ODBC\170\Tools\Binn\;C:\composer;C:\Program Files (x86)\Microsoft SQL Server\100\Tools\Binn\;C:\Program Files\Microsoft SQL Server\100\Tools\Binn\;C:\Program Files\Microsoft SQL Server\100\DTS\Binn\;C:\Program Files (x86)\Microsoft SQL Server\100\Tools\Binn\VSShell\Common7\IDE\;C:\Program Files (x86)\Microsoft SQL Server\100\DTS\Binn\;C:\Program Files\TortoiseSVN\bin;C:\Users\luis.constante\AppData\Local\Microsoft\WindowsApps;C:\Users\luis.constante\AppData\Roaming\Composer\vendor\bin;
USERNAME=luis.constante
OS=Windows_NT
PROCESSOR_IDENTIFIER=Intel64 Family 6 Model 142 Stepping 10, GenuineIntel



---------------  S Y S T E M  ---------------

OS: Windows 10.0 , 64 bit Build 18362 (10.0.18362.329)

CPU:total 8 (initial active 8) (4 cores per cpu, 2 threads per core) family 6 model 142 stepping 10, cmov, cx8, fxsr, mmx, sse, sse2, sse3, ssse3, sse4.1, sse4.2, popcnt, avx, avx2, aes, clmul, erms, 3dnowpref, lzcnt, ht, tsc, tscinvbit, bmi1, bmi2, adx

Memory: 4k page, physical 8272408k(921244k free), swap 16661016k(5132k free)

vm_info: OpenJDK 64-Bit Server VM (25.202-b03) for windows-amd64 JRE (1.8.0_202-release-1483-b03), built by "builder" with MS VC++ 10.0 (VS2010)

time: Thu Oct 24 14:14:12 2019
timezone: Hora est. Pacífico, Sudamérica
elapsed time: 115 seconds (0d 0h 1m 55s)

