Internal Server Error: /accounts/login/
Traceback (most recent call last):
  File "C:\Users\Peter\AppData\Local\Programs\Python\Python37\lib\site-packages\django\core\handlers\exception.py", line 34, in inner
    response = get_response(request)
  File "C:\Users\Peter\AppData\Local\Programs\Python\Python37\lib\site-packages\django\core\handlers\base.py", line 115, in _get_response
    response = self.process_exception_by_middleware(e, request)
  File "C:\Users\Peter\AppData\Local\Programs\Python\Python37\lib\site-packages\django\core\handlers\base.py", line 113, in _get_response
    response = wrapped_callback(request, *callback_args, **callback_kwargs)
  File "C:\Users\Peter\Documents\Django\tesis\tesis_school\tesis_school\accounts\views.py", line 30, in login
    return render(request,'accounts/templates/new-page-login.html', {"context":context})
  File "C:\Users\Peter\AppData\Local\Programs\Python\Python37\lib\site-packages\django\shortcuts.py", line 36, in render
    content = loader.render_to_string(template_name, context, request, using=using)
  File "C:\Users\Peter\AppData\Local\Programs\Python\Python37\lib\site-packages\django\template\loader.py", line 62, in render_to_string
    return template.render(context, request)
  File "C:\Users\Peter\AppData\Local\Programs\Python\Python37\lib\site-packages\django\template\backends\django.py", line 61, in render
    return self.template.render(context)
  File "C:\Users\Peter\AppData\Local\Programs\Python\Python37\lib\site-packages\django\template\base.py", line 171, in render
    return self._render(context)
  File "C:\Users\Peter\AppData\Local\Programs\Python\Python37\lib\site-packages\django\template\base.py", line 163, in _render
    return self.nodelist.render(context)
  File "C:\Users\Peter\AppData\Local\Programs\Python\Python37\lib\site-packages\django\template\base.py", line 937, in render
    bit = node.render_annotated(context)
  File "C:\Users\Peter\AppData\Local\Programs\Python\Python37\lib\site-packages\django\template\base.py", line 904, in render_annotated
    return self.render(context)
  File "C:\Users\Peter\AppData\Local\Programs\Python\Python37\lib\site-packages\django\template\loader_tags.py", line 150, in render
    return compiled_parent._render(context)
  File "C:\Users\Peter\AppData\Local\Programs\Python\Python37\lib\site-packages\django\template\base.py", line 163, in _render
    return self.nodelist.render(context)
  File "C:\Users\Peter\AppData\Local\Programs\Python\Python37\lib\site-packages\django\template\base.py", line 937, in render
    bit = node.render_annotated(context)
  File "C:\Users\Peter\AppData\Local\Programs\Python\Python37\lib\site-packages\django\template\base.py", line 904, in render_annotated
    return self.render(context)
  File "C:\Users\Peter\AppData\Local\Programs\Python\Python37\lib\site-packages\django\template\loader_tags.py", line 62, in render
    result = block.nodelist.render(context)
  File "C:\Users\Peter\AppData\Local\Programs\Python\Python37\lib\site-packages\django\template\base.py", line 937, in render
    bit = node.render_annotated(context)
  File "C:\Users\Peter\AppData\Local\Programs\Python\Python37\lib\site-packages\django\template\base.py", line 904, in render_annotated
    return self.render(context)
  File "C:\Users\Peter\AppData\Local\Programs\Python\Python37\lib\site-packages\django\template\defaulttags.py", line 443, in render
    url = reverse(view_name, args=args, kwargs=kwargs, current_app=current_app)
  File "C:\Users\Peter\AppData\Local\Programs\Python\Python37\lib\site-packages\django\urls\base.py", line 90, in reverse
    return iri_to_uri(resolver._reverse_with_prefix(view, prefix, *args, **kwargs))
  File "C:\Users\Peter\AppData\Local\Programs\Python\Python37\lib\site-packages\django\urls\resolvers.py", line 673, in _reverse_with_prefix
    raise NoReverseMatch(msg)
django.urls.exceptions.NoReverseMatch: Reverse for 'terms_conditions' not found. 'terms_conditions' is not a valid view function or pattern name.
Internal Server Error: /core/
Traceback (most recent call last):
  File "C:\Users\Peter\AppData\Local\Programs\Python\Python37\lib\site-packages\django\core\handlers\exception.py", line 34, in inner
    response = get_response(request)
  File "C:\Users\Peter\AppData\Local\Programs\Python\Python37\lib\site-packages\django\core\handlers\base.py", line 115, in _get_response
    response = self.process_exception_by_middleware(e, request)
  File "C:\Users\Peter\AppData\Local\Programs\Python\Python37\lib\site-packages\django\core\handlers\base.py", line 113, in _get_response
    response = wrapped_callback(request, *callback_args, **callback_kwargs)
  File "C:\Users\Peter\AppData\Local\Programs\Python\Python37\lib\site-packages\django\contrib\auth\decorators.py", line 21, in _wrapped_view
    return view_func(request, *args, **kwargs)
  File "C:\Users\Peter\Documents\Django\tesis\tesis_school\tesis_school\core\views.py", line 18, in index
    return render(request,'inventary/templates/index.html',{})
  File "C:\Users\Peter\AppData\Local\Programs\Python\Python37\lib\site-packages\django\shortcuts.py", line 36, in render
    content = loader.render_to_string(template_name, context, request, using=using)
  File "C:\Users\Peter\AppData\Local\Programs\Python\Python37\lib\site-packages\django\template\loader.py", line 61, in render_to_string
    template = get_template(template_name, using=using)
  File "C:\Users\Peter\AppData\Local\Programs\Python\Python37\lib\site-packages\django\template\loader.py", line 19, in get_template
    raise TemplateDoesNotExist(template_name, chain=chain)
django.template.exceptions.TemplateDoesNotExist: inventary/templates/index.html
Not Found: /favicon.ico
Internal Server Error: /core/
Traceback (most recent call last):
  File "C:\Users\Peter\AppData\Local\Programs\Python\Python37\lib\site-packages\django\core\handlers\exception.py", line 34, in inner
    response = get_response(request)
  File "C:\Users\Peter\AppData\Local\Programs\Python\Python37\lib\site-packages\django\core\handlers\base.py", line 115, in _get_response
    response = self.process_exception_by_middleware(e, request)
  File "C:\Users\Peter\AppData\Local\Programs\Python\Python37\lib\site-packages\django\core\handlers\base.py", line 113, in _get_response
    response = wrapped_callback(request, *callback_args, **callback_kwargs)
  File "C:\Users\Peter\AppData\Local\Programs\Python\Python37\lib\site-packages\django\contrib\auth\decorators.py", line 21, in _wrapped_view
    return view_func(request, *args, **kwargs)
  File "C:\Users\Peter\Documents\Django\tesis\tesis_school\tesis_school\core\views.py", line 18, in index
    return render(request,'core/templates/index.html',{})
  File "C:\Users\Peter\AppData\Local\Programs\Python\Python37\lib\site-packages\django\shortcuts.py", line 36, in render
    content = loader.render_to_string(template_name, context, request, using=using)
  File "C:\Users\Peter\AppData\Local\Programs\Python\Python37\lib\site-packages\django\template\loader.py", line 62, in render_to_string
    return template.render(context, request)
  File "C:\Users\Peter\AppData\Local\Programs\Python\Python37\lib\site-packages\django\template\backends\django.py", line 61, in render
    return self.template.render(context)
  File "C:\Users\Peter\AppData\Local\Programs\Python\Python37\lib\site-packages\django\template\base.py", line 171, in render
    return self._render(context)
  File "C:\Users\Peter\AppData\Local\Programs\Python\Python37\lib\site-packages\django\template\base.py", line 163, in _render
    return self.nodelist.render(context)
  File "C:\Users\Peter\AppData\Local\Programs\Python\Python37\lib\site-packages\django\template\base.py", line 937, in render
    bit = node.render_annotated(context)
  File "C:\Users\Peter\AppData\Local\Programs\Python\Python37\lib\site-packages\django\template\base.py", line 904, in render_annotated
    return self.render(context)
  File "C:\Users\Peter\AppData\Local\Programs\Python\Python37\lib\site-packages\django\template\loader_tags.py", line 150, in render
    return compiled_parent._render(context)
  File "C:\Users\Peter\AppData\Local\Programs\Python\Python37\lib\site-packages\django\template\base.py", line 163, in _render
    return self.nodelist.render(context)
  File "C:\Users\Peter\AppData\Local\Programs\Python\Python37\lib\site-packages\django\template\base.py", line 937, in render
    bit = node.render_annotated(context)
  File "C:\Users\Peter\AppData\Local\Programs\Python\Python37\lib\site-packages\django\template\base.py", line 904, in render_annotated
    return self.render(context)
  File "C:\Users\Peter\AppData\Local\Programs\Python\Python37\lib\site-packages\django\template\defaulttags.py", line 309, in render
    return nodelist.render(context)
  File "C:\Users\Peter\AppData\Local\Programs\Python\Python37\lib\site-packages\django\template\base.py", line 937, in render
    bit = node.render_annotated(context)
  File "C:\Users\Peter\AppData\Local\Programs\Python\Python37\lib\site-packages\django\template\base.py", line 904, in render_annotated
    return self.render(context)
  File "C:\Users\Peter\AppData\Local\Programs\Python\Python37\lib\site-packages\django\template\defaulttags.py", line 309, in render
    return nodelist.render(context)
  File "C:\Users\Peter\AppData\Local\Programs\Python\Python37\lib\site-packages\django\template\base.py", line 937, in render
    bit = node.render_annotated(context)
  File "C:\Users\Peter\AppData\Local\Programs\Python\Python37\lib\site-packages\django\template\base.py", line 904, in render_annotated
    return self.render(context)
  File "C:\Users\Peter\AppData\Local\Programs\Python\Python37\lib\site-packages\django\template\defaulttags.py", line 443, in render
    url = reverse(view_name, args=args, kwargs=kwargs, current_app=current_app)
  File "C:\Users\Peter\AppData\Local\Programs\Python\Python37\lib\site-packages\django\urls\base.py", line 90, in reverse
    return iri_to_uri(resolver._reverse_with_prefix(view, prefix, *args, **kwargs))
  File "C:\Users\Peter\AppData\Local\Programs\Python\Python37\lib\site-packages\django\urls\resolvers.py", line 673, in _reverse_with_prefix
    raise NoReverseMatch(msg)
django.urls.exceptions.NoReverseMatch: Reverse for 'ingresa_catalogo' not found. 'ingresa_catalogo' is not a valid view function or pattern name.
Internal Server Error: /core/
Traceback (most recent call last):
  File "C:\Users\Peter\AppData\Local\Programs\Python\Python37\lib\site-packages\django\core\handlers\exception.py", line 34, in inner
    response = get_response(request)
  File "C:\Users\Peter\AppData\Local\Programs\Python\Python37\lib\site-packages\django\core\handlers\base.py", line 115, in _get_response
    response = self.process_exception_by_middleware(e, request)
  File "C:\Users\Peter\AppData\Local\Programs\Python\Python37\lib\site-packages\django\core\handlers\base.py", line 113, in _get_response
    response = wrapped_callback(request, *callback_args, **callback_kwargs)
  File "C:\Users\Peter\AppData\Local\Programs\Python\Python37\lib\site-packages\django\contrib\auth\decorators.py", line 21, in _wrapped_view
    return view_func(request, *args, **kwargs)
  File "C:\Users\Peter\Documents\Django\tesis\tesis_school\tesis_school\core\views.py", line 18, in index
    return render(request,'core/templates/index.html',{})
  File "C:\Users\Peter\AppData\Local\Programs\Python\Python37\lib\site-packages\django\shortcuts.py", line 36, in render
    content = loader.render_to_string(template_name, context, request, using=using)
  File "C:\Users\Peter\AppData\Local\Programs\Python\Python37\lib\site-packages\django\template\loader.py", line 62, in render_to_string
    return template.render(context, request)
  File "C:\Users\Peter\AppData\Local\Programs\Python\Python37\lib\site-packages\django\template\backends\django.py", line 61, in render
    return self.template.render(context)
  File "C:\Users\Peter\AppData\Local\Programs\Python\Python37\lib\site-packages\django\template\base.py", line 171, in render
    return self._render(context)
  File "C:\Users\Peter\AppData\Local\Programs\Python\Python37\lib\site-packages\django\template\base.py", line 163, in _render
    return self.nodelist.render(context)
  File "C:\Users\Peter\AppData\Local\Programs\Python\Python37\lib\site-packages\django\template\base.py", line 937, in render
    bit = node.render_annotated(context)
  File "C:\Users\Peter\AppData\Local\Programs\Python\Python37\lib\site-packages\django\template\base.py", line 904, in render_annotated
    return self.render(context)
  File "C:\Users\Peter\AppData\Local\Programs\Python\Python37\lib\site-packages\django\template\loader_tags.py", line 150, in render
    return compiled_parent._render(context)
  File "C:\Users\Peter\AppData\Local\Programs\Python\Python37\lib\site-packages\django\template\base.py", line 163, in _render
    return self.nodelist.render(context)
  File "C:\Users\Peter\AppData\Local\Programs\Python\Python37\lib\site-packages\django\template\base.py", line 937, in render
    bit = node.render_annotated(context)
  File "C:\Users\Peter\AppData\Local\Programs\Python\Python37\lib\site-packages\django\template\base.py", line 904, in render_annotated
    return self.render(context)
  File "C:\Users\Peter\AppData\Local\Programs\Python\Python37\lib\site-packages\django\template\defaulttags.py", line 309, in render
    return nodelist.render(context)
  File "C:\Users\Peter\AppData\Local\Programs\Python\Python37\lib\site-packages\django\template\base.py", line 937, in render
    bit = node.render_annotated(context)
  File "C:\Users\Peter\AppData\Local\Programs\Python\Python37\lib\site-packages\django\template\base.py", line 904, in render_annotated
    return self.render(context)
  File "C:\Users\Peter\AppData\Local\Programs\Python\Python37\lib\site-packages\django\template\defaulttags.py", line 309, in render
    return nodelist.render(context)
  File "C:\Users\Peter\AppData\Local\Programs\Python\Python37\lib\site-packages\django\template\base.py", line 937, in render
    bit = node.render_annotated(context)
  File "C:\Users\Peter\AppData\Local\Programs\Python\Python37\lib\site-packages\django\template\base.py", line 904, in render_annotated
    return self.render(context)
  File "C:\Users\Peter\AppData\Local\Programs\Python\Python37\lib\site-packages\django\template\defaulttags.py", line 443, in render
    url = reverse(view_name, args=args, kwargs=kwargs, current_app=current_app)
  File "C:\Users\Peter\AppData\Local\Programs\Python\Python37\lib\site-packages\django\urls\base.py", line 90, in reverse
    return iri_to_uri(resolver._reverse_with_prefix(view, prefix, *args, **kwargs))
  File "C:\Users\Peter\AppData\Local\Programs\Python\Python37\lib\site-packages\django\urls\resolvers.py", line 673, in _reverse_with_prefix
    raise NoReverseMatch(msg)
django.urls.exceptions.NoReverseMatch: Reverse for 'ingresa_catalogo' not found. 'ingresa_catalogo' is not a valid view function or pattern name.
Internal Server Error: /core/
Traceback (most recent call last):
  File "C:\Users\Peter\AppData\Local\Programs\Python\Python37\lib\site-packages\django\core\handlers\exception.py", line 34, in inner
    response = get_response(request)
  File "C:\Users\Peter\AppData\Local\Programs\Python\Python37\lib\site-packages\django\core\handlers\base.py", line 115, in _get_response
    response = self.process_exception_by_middleware(e, request)
  File "C:\Users\Peter\AppData\Local\Programs\Python\Python37\lib\site-packages\django\core\handlers\base.py", line 113, in _get_response
    response = wrapped_callback(request, *callback_args, **callback_kwargs)
  File "C:\Users\Peter\AppData\Local\Programs\Python\Python37\lib\site-packages\django\contrib\auth\decorators.py", line 21, in _wrapped_view
    return view_func(request, *args, **kwargs)
  File "C:\Users\Peter\Documents\Django\tesis\tesis_school\tesis_school\core\views.py", line 18, in index
    return render(request,'core/templates/index.html',{})
  File "C:\Users\Peter\AppData\Local\Programs\Python\Python37\lib\site-packages\django\shortcuts.py", line 36, in render
    content = loader.render_to_string(template_name, context, request, using=using)
  File "C:\Users\Peter\AppData\Local\Programs\Python\Python37\lib\site-packages\django\template\loader.py", line 62, in render_to_string
    return template.render(context, request)
  File "C:\Users\Peter\AppData\Local\Programs\Python\Python37\lib\site-packages\django\template\backends\django.py", line 61, in render
    return self.template.render(context)
  File "C:\Users\Peter\AppData\Local\Programs\Python\Python37\lib\site-packages\django\template\base.py", line 171, in render
    return self._render(context)
  File "C:\Users\Peter\AppData\Local\Programs\Python\Python37\lib\site-packages\django\template\base.py", line 163, in _render
    return self.nodelist.render(context)
  File "C:\Users\Peter\AppData\Local\Programs\Python\Python37\lib\site-packages\django\template\base.py", line 937, in render
    bit = node.render_annotated(context)
  File "C:\Users\Peter\AppData\Local\Programs\Python\Python37\lib\site-packages\django\template\base.py", line 904, in render_annotated
    return self.render(context)
  File "C:\Users\Peter\AppData\Local\Programs\Python\Python37\lib\site-packages\django\template\loader_tags.py", line 150, in render
    return compiled_parent._render(context)
  File "C:\Users\Peter\AppData\Local\Programs\Python\Python37\lib\site-packages\django\template\base.py", line 163, in _render
    return self.nodelist.render(context)
  File "C:\Users\Peter\AppData\Local\Programs\Python\Python37\lib\site-packages\django\template\base.py", line 937, in render
    bit = node.render_annotated(context)
  File "C:\Users\Peter\AppData\Local\Programs\Python\Python37\lib\site-packages\django\template\base.py", line 904, in render_annotated
    return self.render(context)
  File "C:\Users\Peter\AppData\Local\Programs\Python\Python37\lib\site-packages\django\template\defaulttags.py", line 309, in render
    return nodelist.render(context)
  File "C:\Users\Peter\AppData\Local\Programs\Python\Python37\lib\site-packages\django\template\base.py", line 937, in render
    bit = node.render_annotated(context)
  File "C:\Users\Peter\AppData\Local\Programs\Python\Python37\lib\site-packages\django\template\base.py", line 904, in render_annotated
    return self.render(context)
  File "C:\Users\Peter\AppData\Local\Programs\Python\Python37\lib\site-packages\django\template\defaulttags.py", line 309, in render
    return nodelist.render(context)
  File "C:\Users\Peter\AppData\Local\Programs\Python\Python37\lib\site-packages\django\template\base.py", line 937, in render
    bit = node.render_annotated(context)
  File "C:\Users\Peter\AppData\Local\Programs\Python\Python37\lib\site-packages\django\template\base.py", line 904, in render_annotated
    return self.render(context)
  File "C:\Users\Peter\AppData\Local\Programs\Python\Python37\lib\site-packages\django\template\defaulttags.py", line 443, in render
    url = reverse(view_name, args=args, kwargs=kwargs, current_app=current_app)
  File "C:\Users\Peter\AppData\Local\Programs\Python\Python37\lib\site-packages\django\urls\base.py", line 90, in reverse
    return iri_to_uri(resolver._reverse_with_prefix(view, prefix, *args, **kwargs))
  File "C:\Users\Peter\AppData\Local\Programs\Python\Python37\lib\site-packages\django\urls\resolvers.py", line 673, in _reverse_with_prefix
    raise NoReverseMatch(msg)
django.urls.exceptions.NoReverseMatch: Reverse for 'ingresa_catalogo' not found. 'ingresa_catalogo' is not a valid view function or pattern name.
Internal Server Error: /core/
Traceback (most recent call last):
  File "C:\Users\Peter\AppData\Local\Programs\Python\Python37\lib\site-packages\django\core\handlers\exception.py", line 34, in inner
    response = get_response(request)
  File "C:\Users\Peter\AppData\Local\Programs\Python\Python37\lib\site-packages\django\core\handlers\base.py", line 115, in _get_response
    response = self.process_exception_by_middleware(e, request)
  File "C:\Users\Peter\AppData\Local\Programs\Python\Python37\lib\site-packages\django\core\handlers\base.py", line 113, in _get_response
    response = wrapped_callback(request, *callback_args, **callback_kwargs)
  File "C:\Users\Peter\AppData\Local\Programs\Python\Python37\lib\site-packages\django\contrib\auth\decorators.py", line 21, in _wrapped_view
    return view_func(request, *args, **kwargs)
  File "C:\Users\Peter\Documents\Django\tesis\tesis_school\tesis_school\core\views.py", line 18, in index
    return render(request,'core/templates/index.html',{})
  File "C:\Users\Peter\AppData\Local\Programs\Python\Python37\lib\site-packages\django\shortcuts.py", line 36, in render
    content = loader.render_to_string(template_name, context, request, using=using)
  File "C:\Users\Peter\AppData\Local\Programs\Python\Python37\lib\site-packages\django\template\loader.py", line 62, in render_to_string
    return template.render(context, request)
  File "C:\Users\Peter\AppData\Local\Programs\Python\Python37\lib\site-packages\django\template\backends\django.py", line 61, in render
    return self.template.render(context)
  File "C:\Users\Peter\AppData\Local\Programs\Python\Python37\lib\site-packages\django\template\base.py", line 171, in render
    return self._render(context)
  File "C:\Users\Peter\AppData\Local\Programs\Python\Python37\lib\site-packages\django\template\base.py", line 163, in _render
    return self.nodelist.render(context)
  File "C:\Users\Peter\AppData\Local\Programs\Python\Python37\lib\site-packages\django\template\base.py", line 937, in render
    bit = node.render_annotated(context)
  File "C:\Users\Peter\AppData\Local\Programs\Python\Python37\lib\site-packages\django\template\base.py", line 904, in render_annotated
    return self.render(context)
  File "C:\Users\Peter\AppData\Local\Programs\Python\Python37\lib\site-packages\django\template\loader_tags.py", line 150, in render
    return compiled_parent._render(context)
  File "C:\Users\Peter\AppData\Local\Programs\Python\Python37\lib\site-packages\django\template\base.py", line 163, in _render
    return self.nodelist.render(context)
  File "C:\Users\Peter\AppData\Local\Programs\Python\Python37\lib\site-packages\django\template\base.py", line 937, in render
    bit = node.render_annotated(context)
  File "C:\Users\Peter\AppData\Local\Programs\Python\Python37\lib\site-packages\django\template\base.py", line 904, in render_annotated
    return self.render(context)
  File "C:\Users\Peter\AppData\Local\Programs\Python\Python37\lib\site-packages\django\template\defaulttags.py", line 309, in render
    return nodelist.render(context)
  File "C:\Users\Peter\AppData\Local\Programs\Python\Python37\lib\site-packages\django\template\base.py", line 937, in render
    bit = node.render_annotated(context)
  File "C:\Users\Peter\AppData\Local\Programs\Python\Python37\lib\site-packages\django\template\base.py", line 904, in render_annotated
    return self.render(context)
  File "C:\Users\Peter\AppData\Local\Programs\Python\Python37\lib\site-packages\django\template\defaulttags.py", line 309, in render
    return nodelist.render(context)
  File "C:\Users\Peter\AppData\Local\Programs\Python\Python37\lib\site-packages\django\template\base.py", line 937, in render
    bit = node.render_annotated(context)
  File "C:\Users\Peter\AppData\Local\Programs\Python\Python37\lib\site-packages\django\template\base.py", line 904, in render_annotated
    return self.render(context)
  File "C:\Users\Peter\AppData\Local\Programs\Python\Python37\lib\site-packages\django\template\defaulttags.py", line 443, in render
    url = reverse(view_name, args=args, kwargs=kwargs, current_app=current_app)
  File "C:\Users\Peter\AppData\Local\Programs\Python\Python37\lib\site-packages\django\urls\base.py", line 90, in reverse
    return iri_to_uri(resolver._reverse_with_prefix(view, prefix, *args, **kwargs))
  File "C:\Users\Peter\AppData\Local\Programs\Python\Python37\lib\site-packages\django\urls\resolvers.py", line 673, in _reverse_with_prefix
    raise NoReverseMatch(msg)
django.urls.exceptions.NoReverseMatch: Reverse for 'ingresa_catalogo' not found. 'ingresa_catalogo' is not a valid view function or pattern name.
Internal Server Error: /core/
Traceback (most recent call last):
  File "C:\Users\Peter\AppData\Local\Programs\Python\Python37\lib\site-packages\django\core\handlers\exception.py", line 34, in inner
    response = get_response(request)
  File "C:\Users\Peter\AppData\Local\Programs\Python\Python37\lib\site-packages\django\core\handlers\base.py", line 115, in _get_response
    response = self.process_exception_by_middleware(e, request)
  File "C:\Users\Peter\AppData\Local\Programs\Python\Python37\lib\site-packages\django\core\handlers\base.py", line 113, in _get_response
    response = wrapped_callback(request, *callback_args, **callback_kwargs)
  File "C:\Users\Peter\AppData\Local\Programs\Python\Python37\lib\site-packages\django\contrib\auth\decorators.py", line 21, in _wrapped_view
    return view_func(request, *args, **kwargs)
  File "C:\Users\Peter\Documents\Django\tesis\tesis_school\tesis_school\core\views.py", line 18, in index
    return render(request,'core/templates/index.html',{})
  File "C:\Users\Peter\AppData\Local\Programs\Python\Python37\lib\site-packages\django\shortcuts.py", line 36, in render
    content = loader.render_to_string(template_name, context, request, using=using)
  File "C:\Users\Peter\AppData\Local\Programs\Python\Python37\lib\site-packages\django\template\loader.py", line 62, in render_to_string
    return template.render(context, request)
  File "C:\Users\Peter\AppData\Local\Programs\Python\Python37\lib\site-packages\django\template\backends\django.py", line 61, in render
    return self.template.render(context)
  File "C:\Users\Peter\AppData\Local\Programs\Python\Python37\lib\site-packages\django\template\base.py", line 171, in render
    return self._render(context)
  File "C:\Users\Peter\AppData\Local\Programs\Python\Python37\lib\site-packages\django\template\base.py", line 163, in _render
    return self.nodelist.render(context)
  File "C:\Users\Peter\AppData\Local\Programs\Python\Python37\lib\site-packages\django\template\base.py", line 937, in render
    bit = node.render_annotated(context)
  File "C:\Users\Peter\AppData\Local\Programs\Python\Python37\lib\site-packages\django\template\base.py", line 904, in render_annotated
    return self.render(context)
  File "C:\Users\Peter\AppData\Local\Programs\Python\Python37\lib\site-packages\django\template\loader_tags.py", line 150, in render
    return compiled_parent._render(context)
  File "C:\Users\Peter\AppData\Local\Programs\Python\Python37\lib\site-packages\django\template\base.py", line 163, in _render
    return self.nodelist.render(context)
  File "C:\Users\Peter\AppData\Local\Programs\Python\Python37\lib\site-packages\django\template\base.py", line 937, in render
    bit = node.render_annotated(context)
  File "C:\Users\Peter\AppData\Local\Programs\Python\Python37\lib\site-packages\django\template\base.py", line 904, in render_annotated
    return self.render(context)
  File "C:\Users\Peter\AppData\Local\Programs\Python\Python37\lib\site-packages\django\template\defaulttags.py", line 309, in render
    return nodelist.render(context)
  File "C:\Users\Peter\AppData\Local\Programs\Python\Python37\lib\site-packages\django\template\base.py", line 937, in render
    bit = node.render_annotated(context)
  File "C:\Users\Peter\AppData\Local\Programs\Python\Python37\lib\site-packages\django\template\base.py", line 904, in render_annotated
    return self.render(context)
  File "C:\Users\Peter\AppData\Local\Programs\Python\Python37\lib\site-packages\django\template\defaulttags.py", line 309, in render
    return nodelist.render(context)
  File "C:\Users\Peter\AppData\Local\Programs\Python\Python37\lib\site-packages\django\template\base.py", line 937, in render
    bit = node.render_annotated(context)
  File "C:\Users\Peter\AppData\Local\Programs\Python\Python37\lib\site-packages\django\template\base.py", line 904, in render_annotated
    return self.render(context)
  File "C:\Users\Peter\AppData\Local\Programs\Python\Python37\lib\site-packages\django\template\defaulttags.py", line 443, in render
    url = reverse(view_name, args=args, kwargs=kwargs, current_app=current_app)
  File "C:\Users\Peter\AppData\Local\Programs\Python\Python37\lib\site-packages\django\urls\base.py", line 90, in reverse
    return iri_to_uri(resolver._reverse_with_prefix(view, prefix, *args, **kwargs))
  File "C:\Users\Peter\AppData\Local\Programs\Python\Python37\lib\site-packages\django\urls\resolvers.py", line 673, in _reverse_with_prefix
    raise NoReverseMatch(msg)
django.urls.exceptions.NoReverseMatch: Reverse for 'ingresa_catalogo' not found. 'ingresa_catalogo' is not a valid view function or pattern name.
Not Found: /favicon.ico
Internal Server Error: /core/
Traceback (most recent call last):
  File "C:\Users\Peter\AppData\Local\Programs\Python\Python37\lib\site-packages\django\core\handlers\exception.py", line 34, in inner
    response = get_response(request)
  File "C:\Users\Peter\AppData\Local\Programs\Python\Python37\lib\site-packages\django\core\handlers\base.py", line 115, in _get_response
    response = self.process_exception_by_middleware(e, request)
  File "C:\Users\Peter\AppData\Local\Programs\Python\Python37\lib\site-packages\django\core\handlers\base.py", line 113, in _get_response
    response = wrapped_callback(request, *callback_args, **callback_kwargs)
  File "C:\Users\Peter\AppData\Local\Programs\Python\Python37\lib\site-packages\django\contrib\auth\decorators.py", line 21, in _wrapped_view
    return view_func(request, *args, **kwargs)
  File "C:\Users\Peter\Documents\Django\tesis\tesis_school\tesis_school\core\views.py", line 18, in index
    return render(request,'core/templates/index.html',{})
  File "C:\Users\Peter\AppData\Local\Programs\Python\Python37\lib\site-packages\django\shortcuts.py", line 36, in render
    content = loader.render_to_string(template_name, context, request, using=using)
  File "C:\Users\Peter\AppData\Local\Programs\Python\Python37\lib\site-packages\django\template\loader.py", line 62, in render_to_string
    return template.render(context, request)
  File "C:\Users\Peter\AppData\Local\Programs\Python\Python37\lib\site-packages\django\template\backends\django.py", line 61, in render
    return self.template.render(context)
  File "C:\Users\Peter\AppData\Local\Programs\Python\Python37\lib\site-packages\django\template\base.py", line 171, in render
    return self._render(context)
  File "C:\Users\Peter\AppData\Local\Programs\Python\Python37\lib\site-packages\django\template\base.py", line 163, in _render
    return self.nodelist.render(context)
  File "C:\Users\Peter\AppData\Local\Programs\Python\Python37\lib\site-packages\django\template\base.py", line 937, in render
    bit = node.render_annotated(context)
  File "C:\Users\Peter\AppData\Local\Programs\Python\Python37\lib\site-packages\django\template\base.py", line 904, in render_annotated
    return self.render(context)
  File "C:\Users\Peter\AppData\Local\Programs\Python\Python37\lib\site-packages\django\template\loader_tags.py", line 150, in render
    return compiled_parent._render(context)
  File "C:\Users\Peter\AppData\Local\Programs\Python\Python37\lib\site-packages\django\template\base.py", line 163, in _render
    return self.nodelist.render(context)
  File "C:\Users\Peter\AppData\Local\Programs\Python\Python37\lib\site-packages\django\template\base.py", line 937, in render
    bit = node.render_annotated(context)
  File "C:\Users\Peter\AppData\Local\Programs\Python\Python37\lib\site-packages\django\template\base.py", line 904, in render_annotated
    return self.render(context)
  File "C:\Users\Peter\AppData\Local\Programs\Python\Python37\lib\site-packages\django\template\defaulttags.py", line 309, in render
    return nodelist.render(context)
  File "C:\Users\Peter\AppData\Local\Programs\Python\Python37\lib\site-packages\django\template\base.py", line 937, in render
    bit = node.render_annotated(context)
  File "C:\Users\Peter\AppData\Local\Programs\Python\Python37\lib\site-packages\django\template\base.py", line 904, in render_annotated
    return self.render(context)
  File "C:\Users\Peter\AppData\Local\Programs\Python\Python37\lib\site-packages\django\template\defaulttags.py", line 309, in render
    return nodelist.render(context)
  File "C:\Users\Peter\AppData\Local\Programs\Python\Python37\lib\site-packages\django\template\base.py", line 937, in render
    bit = node.render_annotated(context)
  File "C:\Users\Peter\AppData\Local\Programs\Python\Python37\lib\site-packages\django\template\base.py", line 904, in render_annotated
    return self.render(context)
  File "C:\Users\Peter\AppData\Local\Programs\Python\Python37\lib\site-packages\django\template\defaulttags.py", line 443, in render
    url = reverse(view_name, args=args, kwargs=kwargs, current_app=current_app)
  File "C:\Users\Peter\AppData\Local\Programs\Python\Python37\lib\site-packages\django\urls\base.py", line 90, in reverse
    return iri_to_uri(resolver._reverse_with_prefix(view, prefix, *args, **kwargs))
  File "C:\Users\Peter\AppData\Local\Programs\Python\Python37\lib\site-packages\django\urls\resolvers.py", line 673, in _reverse_with_prefix
    raise NoReverseMatch(msg)
django.urls.exceptions.NoReverseMatch: Reverse for 'ingresa_catalogo' not found. 'ingresa_catalogo' is not a valid view function or pattern name.
Not Found: /favicon.ico
Internal Server Error: /core/
Traceback (most recent call last):
  File "C:\Users\Peter\AppData\Local\Programs\Python\Python37\lib\site-packages\django\core\handlers\exception.py", line 34, in inner
    response = get_response(request)
  File "C:\Users\Peter\AppData\Local\Programs\Python\Python37\lib\site-packages\django\core\handlers\base.py", line 115, in _get_response
    response = self.process_exception_by_middleware(e, request)
  File "C:\Users\Peter\AppData\Local\Programs\Python\Python37\lib\site-packages\django\core\handlers\base.py", line 113, in _get_response
    response = wrapped_callback(request, *callback_args, **callback_kwargs)
  File "C:\Users\Peter\AppData\Local\Programs\Python\Python37\lib\site-packages\django\contrib\auth\decorators.py", line 21, in _wrapped_view
    return view_func(request, *args, **kwargs)
  File "C:\Users\Peter\Documents\Django\tesis\tesis_school\tesis_school\core\views.py", line 18, in index
    return render(request,'core/templates/index.html',{})
  File "C:\Users\Peter\AppData\Local\Programs\Python\Python37\lib\site-packages\django\shortcuts.py", line 36, in render
    content = loader.render_to_string(template_name, context, request, using=using)
  File "C:\Users\Peter\AppData\Local\Programs\Python\Python37\lib\site-packages\django\template\loader.py", line 62, in render_to_string
    return template.render(context, request)
  File "C:\Users\Peter\AppData\Local\Programs\Python\Python37\lib\site-packages\django\template\backends\django.py", line 61, in render
    return self.template.render(context)
  File "C:\Users\Peter\AppData\Local\Programs\Python\Python37\lib\site-packages\django\template\base.py", line 171, in render
    return self._render(context)
  File "C:\Users\Peter\AppData\Local\Programs\Python\Python37\lib\site-packages\django\template\base.py", line 163, in _render
    return self.nodelist.render(context)
  File "C:\Users\Peter\AppData\Local\Programs\Python\Python37\lib\site-packages\django\template\base.py", line 937, in render
    bit = node.render_annotated(context)
  File "C:\Users\Peter\AppData\Local\Programs\Python\Python37\lib\site-packages\django\template\base.py", line 904, in render_annotated
    return self.render(context)
  File "C:\Users\Peter\AppData\Local\Programs\Python\Python37\lib\site-packages\django\template\loader_tags.py", line 150, in render
    return compiled_parent._render(context)
  File "C:\Users\Peter\AppData\Local\Programs\Python\Python37\lib\site-packages\django\template\base.py", line 163, in _render
    return self.nodelist.render(context)
  File "C:\Users\Peter\AppData\Local\Programs\Python\Python37\lib\site-packages\django\template\base.py", line 937, in render
    bit = node.render_annotated(context)
  File "C:\Users\Peter\AppData\Local\Programs\Python\Python37\lib\site-packages\django\template\base.py", line 904, in render_annotated
    return self.render(context)
  File "C:\Users\Peter\AppData\Local\Programs\Python\Python37\lib\site-packages\django\template\defaulttags.py", line 309, in render
    return nodelist.render(context)
  File "C:\Users\Peter\AppData\Local\Programs\Python\Python37\lib\site-packages\django\template\base.py", line 937, in render
    bit = node.render_annotated(context)
  File "C:\Users\Peter\AppData\Local\Programs\Python\Python37\lib\site-packages\django\template\base.py", line 904, in render_annotated
    return self.render(context)
  File "C:\Users\Peter\AppData\Local\Programs\Python\Python37\lib\site-packages\django\template\defaulttags.py", line 309, in render
    return nodelist.render(context)
  File "C:\Users\Peter\AppData\Local\Programs\Python\Python37\lib\site-packages\django\template\base.py", line 937, in render
    bit = node.render_annotated(context)
  File "C:\Users\Peter\AppData\Local\Programs\Python\Python37\lib\site-packages\django\template\base.py", line 904, in render_annotated
    return self.render(context)
  File "C:\Users\Peter\AppData\Local\Programs\Python\Python37\lib\site-packages\django\template\defaulttags.py", line 443, in render
    url = reverse(view_name, args=args, kwargs=kwargs, current_app=current_app)
  File "C:\Users\Peter\AppData\Local\Programs\Python\Python37\lib\site-packages\django\urls\base.py", line 90, in reverse
    return iri_to_uri(resolver._reverse_with_prefix(view, prefix, *args, **kwargs))
  File "C:\Users\Peter\AppData\Local\Programs\Python\Python37\lib\site-packages\django\urls\resolvers.py", line 673, in _reverse_with_prefix
    raise NoReverseMatch(msg)
django.urls.exceptions.NoReverseMatch: Reverse for 'ingresa_catalogo' not found. 'ingresa_catalogo' is not a valid view function or pattern name.
Not Found: /favicon.ico
Internal Server Error: /core/
Traceback (most recent call last):
  File "C:\Users\Peter\AppData\Local\Programs\Python\Python37\lib\site-packages\django\core\handlers\exception.py", line 34, in inner
    response = get_response(request)
  File "C:\Users\Peter\AppData\Local\Programs\Python\Python37\lib\site-packages\django\core\handlers\base.py", line 115, in _get_response
    response = self.process_exception_by_middleware(e, request)
  File "C:\Users\Peter\AppData\Local\Programs\Python\Python37\lib\site-packages\django\core\handlers\base.py", line 113, in _get_response
    response = wrapped_callback(request, *callback_args, **callback_kwargs)
  File "C:\Users\Peter\AppData\Local\Programs\Python\Python37\lib\site-packages\django\contrib\auth\decorators.py", line 21, in _wrapped_view
    return view_func(request, *args, **kwargs)
  File "C:\Users\Peter\Documents\Django\tesis\tesis_school\tesis_school\core\views.py", line 18, in index
    return render(request,'core/templates/index.html',{})
  File "C:\Users\Peter\AppData\Local\Programs\Python\Python37\lib\site-packages\django\shortcuts.py", line 36, in render
    content = loader.render_to_string(template_name, context, request, using=using)
  File "C:\Users\Peter\AppData\Local\Programs\Python\Python37\lib\site-packages\django\template\loader.py", line 62, in render_to_string
    return template.render(context, request)
  File "C:\Users\Peter\AppData\Local\Programs\Python\Python37\lib\site-packages\django\template\backends\django.py", line 61, in render
    return self.template.render(context)
  File "C:\Users\Peter\AppData\Local\Programs\Python\Python37\lib\site-packages\django\template\base.py", line 171, in render
    return self._render(context)
  File "C:\Users\Peter\AppData\Local\Programs\Python\Python37\lib\site-packages\django\template\base.py", line 163, in _render
    return self.nodelist.render(context)
  File "C:\Users\Peter\AppData\Local\Programs\Python\Python37\lib\site-packages\django\template\base.py", line 937, in render
    bit = node.render_annotated(context)
  File "C:\Users\Peter\AppData\Local\Programs\Python\Python37\lib\site-packages\django\template\base.py", line 904, in render_annotated
    return self.render(context)
  File "C:\Users\Peter\AppData\Local\Programs\Python\Python37\lib\site-packages\django\template\loader_tags.py", line 150, in render
    return compiled_parent._render(context)
  File "C:\Users\Peter\AppData\Local\Programs\Python\Python37\lib\site-packages\django\template\base.py", line 163, in _render
    return self.nodelist.render(context)
  File "C:\Users\Peter\AppData\Local\Programs\Python\Python37\lib\site-packages\django\template\base.py", line 937, in render
    bit = node.render_annotated(context)
  File "C:\Users\Peter\AppData\Local\Programs\Python\Python37\lib\site-packages\django\template\base.py", line 904, in render_annotated
    return self.render(context)
  File "C:\Users\Peter\AppData\Local\Programs\Python\Python37\lib\site-packages\django\template\defaulttags.py", line 309, in render
    return nodelist.render(context)
  File "C:\Users\Peter\AppData\Local\Programs\Python\Python37\lib\site-packages\django\template\base.py", line 937, in render
    bit = node.render_annotated(context)
  File "C:\Users\Peter\AppData\Local\Programs\Python\Python37\lib\site-packages\django\template\base.py", line 904, in render_annotated
    return self.render(context)
  File "C:\Users\Peter\AppData\Local\Programs\Python\Python37\lib\site-packages\django\template\defaulttags.py", line 309, in render
    return nodelist.render(context)
  File "C:\Users\Peter\AppData\Local\Programs\Python\Python37\lib\site-packages\django\template\base.py", line 937, in render
    bit = node.render_annotated(context)
  File "C:\Users\Peter\AppData\Local\Programs\Python\Python37\lib\site-packages\django\template\base.py", line 904, in render_annotated
    return self.render(context)
  File "C:\Users\Peter\AppData\Local\Programs\Python\Python37\lib\site-packages\django\template\defaulttags.py", line 443, in render
    url = reverse(view_name, args=args, kwargs=kwargs, current_app=current_app)
  File "C:\Users\Peter\AppData\Local\Programs\Python\Python37\lib\site-packages\django\urls\base.py", line 90, in reverse
    return iri_to_uri(resolver._reverse_with_prefix(view, prefix, *args, **kwargs))
  File "C:\Users\Peter\AppData\Local\Programs\Python\Python37\lib\site-packages\django\urls\resolvers.py", line 673, in _reverse_with_prefix
    raise NoReverseMatch(msg)
django.urls.exceptions.NoReverseMatch: Reverse for 'ingresa_catalogo' not found. 'ingresa_catalogo' is not a valid view function or pattern name.
Internal Server Error: /core/
Traceback (most recent call last):
  File "C:\Users\Peter\AppData\Local\Programs\Python\Python37\lib\site-packages\django\core\handlers\exception.py", line 34, in inner
    response = get_response(request)
  File "C:\Users\Peter\AppData\Local\Programs\Python\Python37\lib\site-packages\django\core\handlers\base.py", line 115, in _get_response
    response = self.process_exception_by_middleware(e, request)
  File "C:\Users\Peter\AppData\Local\Programs\Python\Python37\lib\site-packages\django\core\handlers\base.py", line 113, in _get_response
    response = wrapped_callback(request, *callback_args, **callback_kwargs)
  File "C:\Users\Peter\AppData\Local\Programs\Python\Python37\lib\site-packages\django\contrib\auth\decorators.py", line 21, in _wrapped_view
    return view_func(request, *args, **kwargs)
  File "C:\Users\Peter\Documents\Django\tesis\tesis_school\tesis_school\core\views.py", line 18, in index
    return render(request,'core/templates/index.html',{})
  File "C:\Users\Peter\AppData\Local\Programs\Python\Python37\lib\site-packages\django\shortcuts.py", line 36, in render
    content = loader.render_to_string(template_name, context, request, using=using)
  File "C:\Users\Peter\AppData\Local\Programs\Python\Python37\lib\site-packages\django\template\loader.py", line 62, in render_to_string
    return template.render(context, request)
  File "C:\Users\Peter\AppData\Local\Programs\Python\Python37\lib\site-packages\django\template\backends\django.py", line 61, in render
    return self.template.render(context)
  File "C:\Users\Peter\AppData\Local\Programs\Python\Python37\lib\site-packages\django\template\base.py", line 171, in render
    return self._render(context)
  File "C:\Users\Peter\AppData\Local\Programs\Python\Python37\lib\site-packages\django\template\base.py", line 163, in _render
    return self.nodelist.render(context)
  File "C:\Users\Peter\AppData\Local\Programs\Python\Python37\lib\site-packages\django\template\base.py", line 937, in render
    bit = node.render_annotated(context)
  File "C:\Users\Peter\AppData\Local\Programs\Python\Python37\lib\site-packages\django\template\base.py", line 904, in render_annotated
    return self.render(context)
  File "C:\Users\Peter\AppData\Local\Programs\Python\Python37\lib\site-packages\django\template\loader_tags.py", line 150, in render
    return compiled_parent._render(context)
  File "C:\Users\Peter\AppData\Local\Programs\Python\Python37\lib\site-packages\django\template\base.py", line 163, in _render
    return self.nodelist.render(context)
  File "C:\Users\Peter\AppData\Local\Programs\Python\Python37\lib\site-packages\django\template\base.py", line 937, in render
    bit = node.render_annotated(context)
  File "C:\Users\Peter\AppData\Local\Programs\Python\Python37\lib\site-packages\django\template\base.py", line 904, in render_annotated
    return self.render(context)
  File "C:\Users\Peter\AppData\Local\Programs\Python\Python37\lib\site-packages\django\template\defaulttags.py", line 309, in render
    return nodelist.render(context)
  File "C:\Users\Peter\AppData\Local\Programs\Python\Python37\lib\site-packages\django\template\base.py", line 937, in render
    bit = node.render_annotated(context)
  File "C:\Users\Peter\AppData\Local\Programs\Python\Python37\lib\site-packages\django\template\base.py", line 904, in render_annotated
    return self.render(context)
  File "C:\Users\Peter\AppData\Local\Programs\Python\Python37\lib\site-packages\django\template\defaulttags.py", line 309, in render
    return nodelist.render(context)
  File "C:\Users\Peter\AppData\Local\Programs\Python\Python37\lib\site-packages\django\template\base.py", line 937, in render
    bit = node.render_annotated(context)
  File "C:\Users\Peter\AppData\Local\Programs\Python\Python37\lib\site-packages\django\template\base.py", line 904, in render_annotated
    return self.render(context)
  File "C:\Users\Peter\AppData\Local\Programs\Python\Python37\lib\site-packages\django\template\defaulttags.py", line 443, in render
    url = reverse(view_name, args=args, kwargs=kwargs, current_app=current_app)
  File "C:\Users\Peter\AppData\Local\Programs\Python\Python37\lib\site-packages\django\urls\base.py", line 90, in reverse
    return iri_to_uri(resolver._reverse_with_prefix(view, prefix, *args, **kwargs))
  File "C:\Users\Peter\AppData\Local\Programs\Python\Python37\lib\site-packages\django\urls\resolvers.py", line 673, in _reverse_with_prefix
    raise NoReverseMatch(msg)
django.urls.exceptions.NoReverseMatch: Reverse for 'ingresa_catalogo' not found. 'ingresa_catalogo' is not a valid view function or pattern name.
Not Found: /favicon.ico
Internal Server Error: /core/
Traceback (most recent call last):
  File "C:\Users\Peter\AppData\Local\Programs\Python\Python37\lib\site-packages\django\core\handlers\exception.py", line 34, in inner
    response = get_response(request)
  File "C:\Users\Peter\AppData\Local\Programs\Python\Python37\lib\site-packages\django\core\handlers\base.py", line 115, in _get_response
    response = self.process_exception_by_middleware(e, request)
  File "C:\Users\Peter\AppData\Local\Programs\Python\Python37\lib\site-packages\django\core\handlers\base.py", line 113, in _get_response
    response = wrapped_callback(request, *callback_args, **callback_kwargs)
  File "C:\Users\Peter\AppData\Local\Programs\Python\Python37\lib\site-packages\django\contrib\auth\decorators.py", line 21, in _wrapped_view
    return view_func(request, *args, **kwargs)
  File "C:\Users\Peter\Documents\Django\tesis\tesis_school\tesis_school\core\views.py", line 18, in index
    return render(request,'core/templates/index.html',{})
  File "C:\Users\Peter\AppData\Local\Programs\Python\Python37\lib\site-packages\django\shortcuts.py", line 36, in render
    content = loader.render_to_string(template_name, context, request, using=using)
  File "C:\Users\Peter\AppData\Local\Programs\Python\Python37\lib\site-packages\django\template\loader.py", line 62, in render_to_string
    return template.render(context, request)
  File "C:\Users\Peter\AppData\Local\Programs\Python\Python37\lib\site-packages\django\template\backends\django.py", line 61, in render
    return self.template.render(context)
  File "C:\Users\Peter\AppData\Local\Programs\Python\Python37\lib\site-packages\django\template\base.py", line 171, in render
    return self._render(context)
  File "C:\Users\Peter\AppData\Local\Programs\Python\Python37\lib\site-packages\django\template\base.py", line 163, in _render
    return self.nodelist.render(context)
  File "C:\Users\Peter\AppData\Local\Programs\Python\Python37\lib\site-packages\django\template\base.py", line 937, in render
    bit = node.render_annotated(context)
  File "C:\Users\Peter\AppData\Local\Programs\Python\Python37\lib\site-packages\django\template\base.py", line 904, in render_annotated
    return self.render(context)
  File "C:\Users\Peter\AppData\Local\Programs\Python\Python37\lib\site-packages\django\template\loader_tags.py", line 150, in render
    return compiled_parent._render(context)
  File "C:\Users\Peter\AppData\Local\Programs\Python\Python37\lib\site-packages\django\template\base.py", line 163, in _render
    return self.nodelist.render(context)
  File "C:\Users\Peter\AppData\Local\Programs\Python\Python37\lib\site-packages\django\template\base.py", line 937, in render
    bit = node.render_annotated(context)
  File "C:\Users\Peter\AppData\Local\Programs\Python\Python37\lib\site-packages\django\template\base.py", line 904, in render_annotated
    return self.render(context)
  File "C:\Users\Peter\AppData\Local\Programs\Python\Python37\lib\site-packages\django\template\defaulttags.py", line 309, in render
    return nodelist.render(context)
  File "C:\Users\Peter\AppData\Local\Programs\Python\Python37\lib\site-packages\django\template\base.py", line 937, in render
    bit = node.render_annotated(context)
  File "C:\Users\Peter\AppData\Local\Programs\Python\Python37\lib\site-packages\django\template\base.py", line 904, in render_annotated
    return self.render(context)
  File "C:\Users\Peter\AppData\Local\Programs\Python\Python37\lib\site-packages\django\template\defaulttags.py", line 309, in render
    return nodelist.render(context)
  File "C:\Users\Peter\AppData\Local\Programs\Python\Python37\lib\site-packages\django\template\base.py", line 937, in render
    bit = node.render_annotated(context)
  File "C:\Users\Peter\AppData\Local\Programs\Python\Python37\lib\site-packages\django\template\base.py", line 904, in render_annotated
    return self.render(context)
  File "C:\Users\Peter\AppData\Local\Programs\Python\Python37\lib\site-packages\django\template\defaulttags.py", line 443, in render
    url = reverse(view_name, args=args, kwargs=kwargs, current_app=current_app)
  File "C:\Users\Peter\AppData\Local\Programs\Python\Python37\lib\site-packages\django\urls\base.py", line 90, in reverse
    return iri_to_uri(resolver._reverse_with_prefix(view, prefix, *args, **kwargs))
  File "C:\Users\Peter\AppData\Local\Programs\Python\Python37\lib\site-packages\django\urls\resolvers.py", line 673, in _reverse_with_prefix
    raise NoReverseMatch(msg)
django.urls.exceptions.NoReverseMatch: Reverse for 'ingresa_catalogo' not found. 'ingresa_catalogo' is not a valid view function or pattern name.
Not Found: /favicon.ico
Internal Server Error: /core/
Traceback (most recent call last):
  File "C:\Users\Peter\AppData\Local\Programs\Python\Python37\lib\site-packages\django\core\handlers\exception.py", line 34, in inner
    response = get_response(request)
  File "C:\Users\Peter\AppData\Local\Programs\Python\Python37\lib\site-packages\django\core\handlers\base.py", line 115, in _get_response
    response = self.process_exception_by_middleware(e, request)
  File "C:\Users\Peter\AppData\Local\Programs\Python\Python37\lib\site-packages\django\core\handlers\base.py", line 113, in _get_response
    response = wrapped_callback(request, *callback_args, **callback_kwargs)
  File "C:\Users\Peter\AppData\Local\Programs\Python\Python37\lib\site-packages\django\contrib\auth\decorators.py", line 21, in _wrapped_view
    return view_func(request, *args, **kwargs)
  File "C:\Users\Peter\Documents\Django\tesis\tesis_school\tesis_school\core\views.py", line 18, in index
    return render(request,'core/templates/index.html',{})
  File "C:\Users\Peter\AppData\Local\Programs\Python\Python37\lib\site-packages\django\shortcuts.py", line 36, in render
    content = loader.render_to_string(template_name, context, request, using=using)
  File "C:\Users\Peter\AppData\Local\Programs\Python\Python37\lib\site-packages\django\template\loader.py", line 62, in render_to_string
    return template.render(context, request)
  File "C:\Users\Peter\AppData\Local\Programs\Python\Python37\lib\site-packages\django\template\backends\django.py", line 61, in render
    return self.template.render(context)
  File "C:\Users\Peter\AppData\Local\Programs\Python\Python37\lib\site-packages\django\template\base.py", line 171, in render
    return self._render(context)
  File "C:\Users\Peter\AppData\Local\Programs\Python\Python37\lib\site-packages\django\template\base.py", line 163, in _render
    return self.nodelist.render(context)
  File "C:\Users\Peter\AppData\Local\Programs\Python\Python37\lib\site-packages\django\template\base.py", line 937, in render
    bit = node.render_annotated(context)
  File "C:\Users\Peter\AppData\Local\Programs\Python\Python37\lib\site-packages\django\template\base.py", line 904, in render_annotated
    return self.render(context)
  File "C:\Users\Peter\AppData\Local\Programs\Python\Python37\lib\site-packages\django\template\loader_tags.py", line 150, in render
    return compiled_parent._render(context)
  File "C:\Users\Peter\AppData\Local\Programs\Python\Python37\lib\site-packages\django\template\base.py", line 163, in _render
    return self.nodelist.render(context)
  File "C:\Users\Peter\AppData\Local\Programs\Python\Python37\lib\site-packages\django\template\base.py", line 937, in render
    bit = node.render_annotated(context)
  File "C:\Users\Peter\AppData\Local\Programs\Python\Python37\lib\site-packages\django\template\base.py", line 904, in render_annotated
    return self.render(context)
  File "C:\Users\Peter\AppData\Local\Programs\Python\Python37\lib\site-packages\django\template\defaulttags.py", line 309, in render
    return nodelist.render(context)
  File "C:\Users\Peter\AppData\Local\Programs\Python\Python37\lib\site-packages\django\template\base.py", line 937, in render
    bit = node.render_annotated(context)
  File "C:\Users\Peter\AppData\Local\Programs\Python\Python37\lib\site-packages\django\template\base.py", line 904, in render_annotated
    return self.render(context)
  File "C:\Users\Peter\AppData\Local\Programs\Python\Python37\lib\site-packages\django\template\defaulttags.py", line 309, in render
    return nodelist.render(context)
  File "C:\Users\Peter\AppData\Local\Programs\Python\Python37\lib\site-packages\django\template\base.py", line 937, in render
    bit = node.render_annotated(context)
  File "C:\Users\Peter\AppData\Local\Programs\Python\Python37\lib\site-packages\django\template\base.py", line 904, in render_annotated
    return self.render(context)
  File "C:\Users\Peter\AppData\Local\Programs\Python\Python37\lib\site-packages\django\template\defaulttags.py", line 443, in render
    url = reverse(view_name, args=args, kwargs=kwargs, current_app=current_app)
  File "C:\Users\Peter\AppData\Local\Programs\Python\Python37\lib\site-packages\django\urls\base.py", line 90, in reverse
    return iri_to_uri(resolver._reverse_with_prefix(view, prefix, *args, **kwargs))
  File "C:\Users\Peter\AppData\Local\Programs\Python\Python37\lib\site-packages\django\urls\resolvers.py", line 673, in _reverse_with_prefix
    raise NoReverseMatch(msg)
django.urls.exceptions.NoReverseMatch: Reverse for 'ingresa_catalogo' not found. 'ingresa_catalogo' is not a valid view function or pattern name.
Not Found: /favicon.ico
Internal Server Error: /core/
Traceback (most recent call last):
  File "C:\Users\Peter\AppData\Local\Programs\Python\Python37\lib\site-packages\django\core\handlers\exception.py", line 34, in inner
    response = get_response(request)
  File "C:\Users\Peter\AppData\Local\Programs\Python\Python37\lib\site-packages\django\core\handlers\base.py", line 115, in _get_response
    response = self.process_exception_by_middleware(e, request)
  File "C:\Users\Peter\AppData\Local\Programs\Python\Python37\lib\site-packages\django\core\handlers\base.py", line 113, in _get_response
    response = wrapped_callback(request, *callback_args, **callback_kwargs)
  File "C:\Users\Peter\AppData\Local\Programs\Python\Python37\lib\site-packages\django\contrib\auth\decorators.py", line 21, in _wrapped_view
    return view_func(request, *args, **kwargs)
  File "C:\Users\Peter\Documents\Django\tesis\tesis_school\tesis_school\core\views.py", line 18, in index
    return render(request,'core/templates/index.html',{})
  File "C:\Users\Peter\AppData\Local\Programs\Python\Python37\lib\site-packages\django\shortcuts.py", line 36, in render
    content = loader.render_to_string(template_name, context, request, using=using)
  File "C:\Users\Peter\AppData\Local\Programs\Python\Python37\lib\site-packages\django\template\loader.py", line 62, in render_to_string
    return template.render(context, request)
  File "C:\Users\Peter\AppData\Local\Programs\Python\Python37\lib\site-packages\django\template\backends\django.py", line 61, in render
    return self.template.render(context)
  File "C:\Users\Peter\AppData\Local\Programs\Python\Python37\lib\site-packages\django\template\base.py", line 171, in render
    return self._render(context)
  File "C:\Users\Peter\AppData\Local\Programs\Python\Python37\lib\site-packages\django\template\base.py", line 163, in _render
    return self.nodelist.render(context)
  File "C:\Users\Peter\AppData\Local\Programs\Python\Python37\lib\site-packages\django\template\base.py", line 937, in render
    bit = node.render_annotated(context)
  File "C:\Users\Peter\AppData\Local\Programs\Python\Python37\lib\site-packages\django\template\base.py", line 904, in render_annotated
    return self.render(context)
  File "C:\Users\Peter\AppData\Local\Programs\Python\Python37\lib\site-packages\django\template\loader_tags.py", line 150, in render
    return compiled_parent._render(context)
  File "C:\Users\Peter\AppData\Local\Programs\Python\Python37\lib\site-packages\django\template\base.py", line 163, in _render
    return self.nodelist.render(context)
  File "C:\Users\Peter\AppData\Local\Programs\Python\Python37\lib\site-packages\django\template\base.py", line 937, in render
    bit = node.render_annotated(context)
  File "C:\Users\Peter\AppData\Local\Programs\Python\Python37\lib\site-packages\django\template\base.py", line 904, in render_annotated
    return self.render(context)
  File "C:\Users\Peter\AppData\Local\Programs\Python\Python37\lib\site-packages\django\template\defaulttags.py", line 309, in render
    return nodelist.render(context)
  File "C:\Users\Peter\AppData\Local\Programs\Python\Python37\lib\site-packages\django\template\base.py", line 937, in render
    bit = node.render_annotated(context)
  File "C:\Users\Peter\AppData\Local\Programs\Python\Python37\lib\site-packages\django\template\base.py", line 904, in render_annotated
    return self.render(context)
  File "C:\Users\Peter\AppData\Local\Programs\Python\Python37\lib\site-packages\django\template\defaulttags.py", line 309, in render
    return nodelist.render(context)
  File "C:\Users\Peter\AppData\Local\Programs\Python\Python37\lib\site-packages\django\template\base.py", line 937, in render
    bit = node.render_annotated(context)
  File "C:\Users\Peter\AppData\Local\Programs\Python\Python37\lib\site-packages\django\template\base.py", line 904, in render_annotated
    return self.render(context)
  File "C:\Users\Peter\AppData\Local\Programs\Python\Python37\lib\site-packages\django\template\defaulttags.py", line 443, in render
    url = reverse(view_name, args=args, kwargs=kwargs, current_app=current_app)
  File "C:\Users\Peter\AppData\Local\Programs\Python\Python37\lib\site-packages\django\urls\base.py", line 90, in reverse
    return iri_to_uri(resolver._reverse_with_prefix(view, prefix, *args, **kwargs))
  File "C:\Users\Peter\AppData\Local\Programs\Python\Python37\lib\site-packages\django\urls\resolvers.py", line 673, in _reverse_with_prefix
    raise NoReverseMatch(msg)
django.urls.exceptions.NoReverseMatch: Reverse for 'ingresa_catalogo' not found. 'ingresa_catalogo' is not a valid view function or pattern name.
Not Found: /favicon.ico
Internal Server Error: /core/
Traceback (most recent call last):
  File "C:\Users\Peter\AppData\Local\Programs\Python\Python37\lib\site-packages\django\core\handlers\exception.py", line 34, in inner
    response = get_response(request)
  File "C:\Users\Peter\AppData\Local\Programs\Python\Python37\lib\site-packages\django\core\handlers\base.py", line 115, in _get_response
    response = self.process_exception_by_middleware(e, request)
  File "C:\Users\Peter\AppData\Local\Programs\Python\Python37\lib\site-packages\django\core\handlers\base.py", line 113, in _get_response
    response = wrapped_callback(request, *callback_args, **callback_kwargs)
  File "C:\Users\Peter\AppData\Local\Programs\Python\Python37\lib\site-packages\django\contrib\auth\decorators.py", line 21, in _wrapped_view
    return view_func(request, *args, **kwargs)
  File "C:\Users\Peter\Documents\Django\tesis\tesis_school\tesis_school\core\views.py", line 18, in index
    return render(request,'core/templates/index.html',{})
  File "C:\Users\Peter\AppData\Local\Programs\Python\Python37\lib\site-packages\django\shortcuts.py", line 36, in render
    content = loader.render_to_string(template_name, context, request, using=using)
  File "C:\Users\Peter\AppData\Local\Programs\Python\Python37\lib\site-packages\django\template\loader.py", line 62, in render_to_string
    return template.render(context, request)
  File "C:\Users\Peter\AppData\Local\Programs\Python\Python37\lib\site-packages\django\template\backends\django.py", line 61, in render
    return self.template.render(context)
  File "C:\Users\Peter\AppData\Local\Programs\Python\Python37\lib\site-packages\django\template\base.py", line 171, in render
    return self._render(context)
  File "C:\Users\Peter\AppData\Local\Programs\Python\Python37\lib\site-packages\django\template\base.py", line 163, in _render
    return self.nodelist.render(context)
  File "C:\Users\Peter\AppData\Local\Programs\Python\Python37\lib\site-packages\django\template\base.py", line 937, in render
    bit = node.render_annotated(context)
  File "C:\Users\Peter\AppData\Local\Programs\Python\Python37\lib\site-packages\django\template\base.py", line 904, in render_annotated
    return self.render(context)
  File "C:\Users\Peter\AppData\Local\Programs\Python\Python37\lib\site-packages\django\template\loader_tags.py", line 150, in render
    return compiled_parent._render(context)
  File "C:\Users\Peter\AppData\Local\Programs\Python\Python37\lib\site-packages\django\template\base.py", line 163, in _render
    return self.nodelist.render(context)
  File "C:\Users\Peter\AppData\Local\Programs\Python\Python37\lib\site-packages\django\template\base.py", line 937, in render
    bit = node.render_annotated(context)
  File "C:\Users\Peter\AppData\Local\Programs\Python\Python37\lib\site-packages\django\template\base.py", line 904, in render_annotated
    return self.render(context)
  File "C:\Users\Peter\AppData\Local\Programs\Python\Python37\lib\site-packages\django\template\defaulttags.py", line 309, in render
    return nodelist.render(context)
  File "C:\Users\Peter\AppData\Local\Programs\Python\Python37\lib\site-packages\django\template\base.py", line 937, in render
    bit = node.render_annotated(context)
  File "C:\Users\Peter\AppData\Local\Programs\Python\Python37\lib\site-packages\django\template\base.py", line 904, in render_annotated
    return self.render(context)
  File "C:\Users\Peter\AppData\Local\Programs\Python\Python37\lib\site-packages\django\template\defaulttags.py", line 309, in render
    return nodelist.render(context)
  File "C:\Users\Peter\AppData\Local\Programs\Python\Python37\lib\site-packages\django\template\base.py", line 937, in render
    bit = node.render_annotated(context)
  File "C:\Users\Peter\AppData\Local\Programs\Python\Python37\lib\site-packages\django\template\base.py", line 904, in render_annotated
    return self.render(context)
  File "C:\Users\Peter\AppData\Local\Programs\Python\Python37\lib\site-packages\django\template\defaulttags.py", line 443, in render
    url = reverse(view_name, args=args, kwargs=kwargs, current_app=current_app)
  File "C:\Users\Peter\AppData\Local\Programs\Python\Python37\lib\site-packages\django\urls\base.py", line 90, in reverse
    return iri_to_uri(resolver._reverse_with_prefix(view, prefix, *args, **kwargs))
  File "C:\Users\Peter\AppData\Local\Programs\Python\Python37\lib\site-packages\django\urls\resolvers.py", line 673, in _reverse_with_prefix
    raise NoReverseMatch(msg)
django.urls.exceptions.NoReverseMatch: Reverse for 'ingresa_catalogo' not found. 'ingresa_catalogo' is not a valid view function or pattern name.
Internal Server Error: /core/
Traceback (most recent call last):
  File "C:\Users\Peter\AppData\Local\Programs\Python\Python37\lib\site-packages\django\core\handlers\exception.py", line 34, in inner
    response = get_response(request)
  File "C:\Users\Peter\AppData\Local\Programs\Python\Python37\lib\site-packages\django\core\handlers\base.py", line 115, in _get_response
    response = self.process_exception_by_middleware(e, request)
  File "C:\Users\Peter\AppData\Local\Programs\Python\Python37\lib\site-packages\django\core\handlers\base.py", line 113, in _get_response
    response = wrapped_callback(request, *callback_args, **callback_kwargs)
  File "C:\Users\Peter\AppData\Local\Programs\Python\Python37\lib\site-packages\django\contrib\auth\decorators.py", line 21, in _wrapped_view
    return view_func(request, *args, **kwargs)
  File "C:\Users\Peter\Documents\Django\tesis\tesis_school\tesis_school\core\views.py", line 22, in index
    return render(request,'core/templates/index.html',{'users_list':users_list})
  File "C:\Users\Peter\AppData\Local\Programs\Python\Python37\lib\site-packages\django\shortcuts.py", line 36, in render
    content = loader.render_to_string(template_name, context, request, using=using)
  File "C:\Users\Peter\AppData\Local\Programs\Python\Python37\lib\site-packages\django\template\loader.py", line 62, in render_to_string
    return template.render(context, request)
  File "C:\Users\Peter\AppData\Local\Programs\Python\Python37\lib\site-packages\django\template\backends\django.py", line 61, in render
    return self.template.render(context)
  File "C:\Users\Peter\AppData\Local\Programs\Python\Python37\lib\site-packages\django\template\base.py", line 171, in render
    return self._render(context)
  File "C:\Users\Peter\AppData\Local\Programs\Python\Python37\lib\site-packages\django\template\base.py", line 163, in _render
    return self.nodelist.render(context)
  File "C:\Users\Peter\AppData\Local\Programs\Python\Python37\lib\site-packages\django\template\base.py", line 937, in render
    bit = node.render_annotated(context)
  File "C:\Users\Peter\AppData\Local\Programs\Python\Python37\lib\site-packages\django\template\base.py", line 904, in render_annotated
    return self.render(context)
  File "C:\Users\Peter\AppData\Local\Programs\Python\Python37\lib\site-packages\django\template\loader_tags.py", line 150, in render
    return compiled_parent._render(context)
  File "C:\Users\Peter\AppData\Local\Programs\Python\Python37\lib\site-packages\django\template\base.py", line 163, in _render
    return self.nodelist.render(context)
  File "C:\Users\Peter\AppData\Local\Programs\Python\Python37\lib\site-packages\django\template\base.py", line 937, in render
    bit = node.render_annotated(context)
  File "C:\Users\Peter\AppData\Local\Programs\Python\Python37\lib\site-packages\django\template\base.py", line 904, in render_annotated
    return self.render(context)
  File "C:\Users\Peter\AppData\Local\Programs\Python\Python37\lib\site-packages\django\template\defaulttags.py", line 309, in render
    return nodelist.render(context)
  File "C:\Users\Peter\AppData\Local\Programs\Python\Python37\lib\site-packages\django\template\base.py", line 937, in render
    bit = node.render_annotated(context)
  File "C:\Users\Peter\AppData\Local\Programs\Python\Python37\lib\site-packages\django\template\base.py", line 904, in render_annotated
    return self.render(context)
  File "C:\Users\Peter\AppData\Local\Programs\Python\Python37\lib\site-packages\django\template\defaulttags.py", line 309, in render
    return nodelist.render(context)
  File "C:\Users\Peter\AppData\Local\Programs\Python\Python37\lib\site-packages\django\template\base.py", line 937, in render
    bit = node.render_annotated(context)
  File "C:\Users\Peter\AppData\Local\Programs\Python\Python37\lib\site-packages\django\template\base.py", line 904, in render_annotated
    return self.render(context)
  File "C:\Users\Peter\AppData\Local\Programs\Python\Python37\lib\site-packages\django\template\defaulttags.py", line 443, in render
    url = reverse(view_name, args=args, kwargs=kwargs, current_app=current_app)
  File "C:\Users\Peter\AppData\Local\Programs\Python\Python37\lib\site-packages\django\urls\base.py", line 90, in reverse
    return iri_to_uri(resolver._reverse_with_prefix(view, prefix, *args, **kwargs))
  File "C:\Users\Peter\AppData\Local\Programs\Python\Python37\lib\site-packages\django\urls\resolvers.py", line 673, in _reverse_with_prefix
    raise NoReverseMatch(msg)
django.urls.exceptions.NoReverseMatch: Reverse for 'ingresa_catalogo' not found. 'ingresa_catalogo' is not a valid view function or pattern name.
Internal Server Error: /core/
Traceback (most recent call last):
  File "C:\Users\Peter\AppData\Local\Programs\Python\Python37\lib\site-packages\django\core\handlers\exception.py", line 34, in inner
    response = get_response(request)
  File "C:\Users\Peter\AppData\Local\Programs\Python\Python37\lib\site-packages\django\core\handlers\base.py", line 115, in _get_response
    response = self.process_exception_by_middleware(e, request)
  File "C:\Users\Peter\AppData\Local\Programs\Python\Python37\lib\site-packages\django\core\handlers\base.py", line 113, in _get_response
    response = wrapped_callback(request, *callback_args, **callback_kwargs)
  File "C:\Users\Peter\AppData\Local\Programs\Python\Python37\lib\site-packages\django\contrib\auth\decorators.py", line 21, in _wrapped_view
    return view_func(request, *args, **kwargs)
  File "C:\Users\Peter\Documents\Django\tesis\tesis_school\tesis_school\core\views.py", line 22, in index
    return render(request,'core/templates/index.html',{'users_list':users_list})
  File "C:\Users\Peter\AppData\Local\Programs\Python\Python37\lib\site-packages\django\shortcuts.py", line 36, in render
    content = loader.render_to_string(template_name, context, request, using=using)
  File "C:\Users\Peter\AppData\Local\Programs\Python\Python37\lib\site-packages\django\template\loader.py", line 62, in render_to_string
    return template.render(context, request)
  File "C:\Users\Peter\AppData\Local\Programs\Python\Python37\lib\site-packages\django\template\backends\django.py", line 61, in render
    return self.template.render(context)
  File "C:\Users\Peter\AppData\Local\Programs\Python\Python37\lib\site-packages\django\template\base.py", line 171, in render
    return self._render(context)
  File "C:\Users\Peter\AppData\Local\Programs\Python\Python37\lib\site-packages\django\template\base.py", line 163, in _render
    return self.nodelist.render(context)
  File "C:\Users\Peter\AppData\Local\Programs\Python\Python37\lib\site-packages\django\template\base.py", line 937, in render
    bit = node.render_annotated(context)
  File "C:\Users\Peter\AppData\Local\Programs\Python\Python37\lib\site-packages\django\template\base.py", line 904, in render_annotated
    return self.render(context)
  File "C:\Users\Peter\AppData\Local\Programs\Python\Python37\lib\site-packages\django\template\loader_tags.py", line 150, in render
    return compiled_parent._render(context)
  File "C:\Users\Peter\AppData\Local\Programs\Python\Python37\lib\site-packages\django\template\base.py", line 163, in _render
    return self.nodelist.render(context)
  File "C:\Users\Peter\AppData\Local\Programs\Python\Python37\lib\site-packages\django\template\base.py", line 937, in render
    bit = node.render_annotated(context)
  File "C:\Users\Peter\AppData\Local\Programs\Python\Python37\lib\site-packages\django\template\base.py", line 904, in render_annotated
    return self.render(context)
  File "C:\Users\Peter\AppData\Local\Programs\Python\Python37\lib\site-packages\django\template\loader_tags.py", line 62, in render
    result = block.nodelist.render(context)
  File "C:\Users\Peter\AppData\Local\Programs\Python\Python37\lib\site-packages\django\template\base.py", line 937, in render
    bit = node.render_annotated(context)
  File "C:\Users\Peter\AppData\Local\Programs\Python\Python37\lib\site-packages\django\template\base.py", line 904, in render_annotated
    return self.render(context)
  File "C:\Users\Peter\AppData\Local\Programs\Python\Python37\lib\site-packages\django\template\defaulttags.py", line 309, in render
    return nodelist.render(context)
  File "C:\Users\Peter\AppData\Local\Programs\Python\Python37\lib\site-packages\django\template\base.py", line 937, in render
    bit = node.render_annotated(context)
  File "C:\Users\Peter\AppData\Local\Programs\Python\Python37\lib\site-packages\django\template\base.py", line 904, in render_annotated
    return self.render(context)
  File "C:\Users\Peter\AppData\Local\Programs\Python\Python37\lib\site-packages\django\template\defaulttags.py", line 443, in render
    url = reverse(view_name, args=args, kwargs=kwargs, current_app=current_app)
  File "C:\Users\Peter\AppData\Local\Programs\Python\Python37\lib\site-packages\django\urls\base.py", line 90, in reverse
    return iri_to_uri(resolver._reverse_with_prefix(view, prefix, *args, **kwargs))
  File "C:\Users\Peter\AppData\Local\Programs\Python\Python37\lib\site-packages\django\urls\resolvers.py", line 673, in _reverse_with_prefix
    raise NoReverseMatch(msg)
django.urls.exceptions.NoReverseMatch: Reverse for 'cart_detail' not found. 'cart_detail' is not a valid view function or pattern name.
Internal Server Error: /core/
Traceback (most recent call last):
  File "C:\Users\Peter\AppData\Local\Programs\Python\Python37\lib\site-packages\django\core\handlers\exception.py", line 34, in inner
    response = get_response(request)
  File "C:\Users\Peter\AppData\Local\Programs\Python\Python37\lib\site-packages\django\core\handlers\base.py", line 115, in _get_response
    response = self.process_exception_by_middleware(e, request)
  File "C:\Users\Peter\AppData\Local\Programs\Python\Python37\lib\site-packages\django\core\handlers\base.py", line 113, in _get_response
    response = wrapped_callback(request, *callback_args, **callback_kwargs)
  File "C:\Users\Peter\AppData\Local\Programs\Python\Python37\lib\site-packages\django\contrib\auth\decorators.py", line 21, in _wrapped_view
    return view_func(request, *args, **kwargs)
  File "C:\Users\Peter\Documents\Django\tesis\tesis_school\tesis_school\core\views.py", line 22, in index
    return render(request,'core/templates/index.html',{'users_list':users_list})
  File "C:\Users\Peter\AppData\Local\Programs\Python\Python37\lib\site-packages\django\shortcuts.py", line 36, in render
    content = loader.render_to_string(template_name, context, request, using=using)
  File "C:\Users\Peter\AppData\Local\Programs\Python\Python37\lib\site-packages\django\template\loader.py", line 62, in render_to_string
    return template.render(context, request)
  File "C:\Users\Peter\AppData\Local\Programs\Python\Python37\lib\site-packages\django\template\backends\django.py", line 61, in render
    return self.template.render(context)
  File "C:\Users\Peter\AppData\Local\Programs\Python\Python37\lib\site-packages\django\template\base.py", line 171, in render
    return self._render(context)
  File "C:\Users\Peter\AppData\Local\Programs\Python\Python37\lib\site-packages\django\template\base.py", line 163, in _render
    return self.nodelist.render(context)
  File "C:\Users\Peter\AppData\Local\Programs\Python\Python37\lib\site-packages\django\template\base.py", line 937, in render
    bit = node.render_annotated(context)
  File "C:\Users\Peter\AppData\Local\Programs\Python\Python37\lib\site-packages\django\template\base.py", line 904, in render_annotated
    return self.render(context)
  File "C:\Users\Peter\AppData\Local\Programs\Python\Python37\lib\site-packages\django\template\loader_tags.py", line 150, in render
    return compiled_parent._render(context)
  File "C:\Users\Peter\AppData\Local\Programs\Python\Python37\lib\site-packages\django\template\base.py", line 163, in _render
    return self.nodelist.render(context)
  File "C:\Users\Peter\AppData\Local\Programs\Python\Python37\lib\site-packages\django\template\base.py", line 937, in render
    bit = node.render_annotated(context)
  File "C:\Users\Peter\AppData\Local\Programs\Python\Python37\lib\site-packages\django\template\base.py", line 904, in render_annotated
    return self.render(context)
  File "C:\Users\Peter\AppData\Local\Programs\Python\Python37\lib\site-packages\django\template\defaulttags.py", line 309, in render
    return nodelist.render(context)
  File "C:\Users\Peter\AppData\Local\Programs\Python\Python37\lib\site-packages\django\template\base.py", line 937, in render
    bit = node.render_annotated(context)
  File "C:\Users\Peter\AppData\Local\Programs\Python\Python37\lib\site-packages\django\template\base.py", line 904, in render_annotated
    return self.render(context)
  File "C:\Users\Peter\AppData\Local\Programs\Python\Python37\lib\site-packages\django\template\defaulttags.py", line 443, in render
    url = reverse(view_name, args=args, kwargs=kwargs, current_app=current_app)
  File "C:\Users\Peter\AppData\Local\Programs\Python\Python37\lib\site-packages\django\urls\base.py", line 90, in reverse
    return iri_to_uri(resolver._reverse_with_prefix(view, prefix, *args, **kwargs))
  File "C:\Users\Peter\AppData\Local\Programs\Python\Python37\lib\site-packages\django\urls\resolvers.py", line 673, in _reverse_with_prefix
    raise NoReverseMatch(msg)
django.urls.exceptions.NoReverseMatch: Reverse for 'admin' not found. 'admin' is not a valid view function or pattern name.
Not Found: /favicon.ico
Internal Server Error: /core/report/
Traceback (most recent call last):
  File "C:\Users\Peter\AppData\Local\Programs\Python\Python37\lib\site-packages\django\core\handlers\exception.py", line 34, in inner
    response = get_response(request)
  File "C:\Users\Peter\AppData\Local\Programs\Python\Python37\lib\site-packages\django\core\handlers\base.py", line 115, in _get_response
    response = self.process_exception_by_middleware(e, request)
  File "C:\Users\Peter\AppData\Local\Programs\Python\Python37\lib\site-packages\django\core\handlers\base.py", line 113, in _get_response
    response = wrapped_callback(request, *callback_args, **callback_kwargs)
  File "C:\Users\Peter\AppData\Local\Programs\Python\Python37\lib\site-packages\django\contrib\auth\decorators.py", line 21, in _wrapped_view
    return view_func(request, *args, **kwargs)
  File "C:\Users\Peter\Documents\Django\tesis\tesis_school\tesis_school\core\views.py", line 49, in generate_xlsx_report
    import StringIO
ModuleNotFoundError: No module named 'StringIO'
Internal Server Error: /core/report/
Traceback (most recent call last):
  File "C:\Users\Peter\AppData\Local\Programs\Python\Python37\lib\site-packages\django\core\handlers\exception.py", line 34, in inner
    response = get_response(request)
  File "C:\Users\Peter\AppData\Local\Programs\Python\Python37\lib\site-packages\django\core\handlers\base.py", line 115, in _get_response
    response = self.process_exception_by_middleware(e, request)
  File "C:\Users\Peter\AppData\Local\Programs\Python\Python37\lib\site-packages\django\core\handlers\base.py", line 113, in _get_response
    response = wrapped_callback(request, *callback_args, **callback_kwargs)
  File "C:\Users\Peter\AppData\Local\Programs\Python\Python37\lib\site-packages\django\contrib\auth\decorators.py", line 21, in _wrapped_view
    return view_func(request, *args, **kwargs)
  File "C:\Users\Peter\Documents\Django\tesis\tesis_school\tesis_school\core\views.py", line 80, in generate_xlsx_report
    desde = dtime.datetime.strptime(fecha_inicio, '%Y/%m/%d').date()
  File "C:\Users\Peter\AppData\Local\Programs\Python\Python37\lib\_strptime.py", line 577, in _strptime_datetime
    tt, fraction, gmtoff_fraction = _strptime(data_string, format)
  File "C:\Users\Peter\AppData\Local\Programs\Python\Python37\lib\_strptime.py", line 359, in _strptime
    (data_string, format))
ValueError: time data 'False' does not match format '%Y/%m/%d'
Not Found: /favicon.ico
Internal Server Error: /core/report/
Traceback (most recent call last):
  File "C:\Users\Peter\AppData\Local\Programs\Python\Python37\lib\site-packages\django\core\handlers\exception.py", line 34, in inner
    response = get_response(request)
  File "C:\Users\Peter\AppData\Local\Programs\Python\Python37\lib\site-packages\django\core\handlers\base.py", line 115, in _get_response
    response = self.process_exception_by_middleware(e, request)
  File "C:\Users\Peter\AppData\Local\Programs\Python\Python37\lib\site-packages\django\core\handlers\base.py", line 113, in _get_response
    response = wrapped_callback(request, *callback_args, **callback_kwargs)
  File "C:\Users\Peter\AppData\Local\Programs\Python\Python37\lib\site-packages\django\contrib\auth\decorators.py", line 21, in _wrapped_view
    return view_func(request, *args, **kwargs)
  File "C:\Users\Peter\Documents\Django\tesis\tesis_school\tesis_school\core\views.py", line 80, in generate_xlsx_report
    desde = dtime.datetime.strptime(fecha_inicio, '%Y/%m/%d').date()
  File "C:\Users\Peter\AppData\Local\Programs\Python\Python37\lib\_strptime.py", line 577, in _strptime_datetime
    tt, fraction, gmtoff_fraction = _strptime(data_string, format)
  File "C:\Users\Peter\AppData\Local\Programs\Python\Python37\lib\_strptime.py", line 359, in _strptime
    (data_string, format))
ValueError: time data '2019-10-06' does not match format '%Y/%m/%d'
Internal Server Error: /
Traceback (most recent call last):
  File "C:\Users\Peter\AppData\Local\Programs\Python\Python37\lib\site-packages\django\core\handlers\exception.py", line 34, in inner
    response = get_response(request)
  File "C:\Users\Peter\AppData\Local\Programs\Python\Python37\lib\site-packages\django\core\handlers\base.py", line 115, in _get_response
    response = self.process_exception_by_middleware(e, request)
  File "C:\Users\Peter\AppData\Local\Programs\Python\Python37\lib\site-packages\django\core\handlers\base.py", line 113, in _get_response
    response = wrapped_callback(request, *callback_args, **callback_kwargs)
  File "C:\Users\Peter\AppData\Local\Programs\Python\Python37\lib\site-packages\django\contrib\auth\decorators.py", line 21, in _wrapped_view
    return view_func(request, *args, **kwargs)
  File "C:\Users\Peter\Documents\Django\tesis\tesis_school\tesis_school\core\views.py", line 23, in index
    return redirect(reverse('generate_xlsx_report'))
NameError: name 'reverse' is not defined
Not Found: /favicon.ico
Not Found: /favicon.ico
Not Found: /favicon.ico
Not Found: /favicon.ico
Not Found: /favicon.ico
Not Found: /favicon.ico
Not Found: /favicon.ico
Not Found: /favicon.ico
Not Found: /favicon.ico
Not Found: /base-login.html
Not Found: /favicon.ico
Not Found: /login.html
Not Found: /favicon.ico
Not Found: /favicon.ico
Not Found: /favicon.ico
Not Found: /favicon.ico
Not Found: /favicon.ico
Not Found: /favicon.ico
Not Found: /favicon.ico
Not Found: /favicon.ico
Not Found: /favicon.ico
Not Found: /favicon.ico
Not Found: /favicon.ico
Internal Server Error: /admin/auth/user/add/
Traceback (most recent call last):
  File "C:\Users\casa\AppData\Local\Programs\Python\Python37\lib\site-packages\django\db\backends\utils.py", line 84, in _execute
    return self.cursor.execute(sql, params)
psycopg2.errors.UndefinedColumn: no existe la columna Nombre_alumno en la relacin accounts_perfil
LINE 1: ...rfil" ("user_id", "es_alumno", "phone", "cedula", "Nombre_al...
                                                             ^


The above exception was the direct cause of the following exception:

Traceback (most recent call last):
  File "C:\Users\casa\AppData\Local\Programs\Python\Python37\lib\site-packages\django\core\handlers\exception.py", line 34, in inner
    response = get_response(request)
  File "C:\Users\casa\AppData\Local\Programs\Python\Python37\lib\site-packages\django\core\handlers\base.py", line 115, in _get_response
    response = self.process_exception_by_middleware(e, request)
  File "C:\Users\casa\AppData\Local\Programs\Python\Python37\lib\site-packages\django\core\handlers\base.py", line 113, in _get_response
    response = wrapped_callback(request, *callback_args, **callback_kwargs)
  File "C:\Users\casa\AppData\Local\Programs\Python\Python37\lib\site-packages\django\contrib\admin\options.py", line 606, in wrapper
    return self.admin_site.admin_view(view)(*args, **kwargs)
  File "C:\Users\casa\AppData\Local\Programs\Python\Python37\lib\site-packages\django\utils\decorators.py", line 142, in _wrapped_view
    response = view_func(request, *args, **kwargs)
  File "C:\Users\casa\AppData\Local\Programs\Python\Python37\lib\site-packages\django\views\decorators\cache.py", line 44, in _wrapped_view_func
    response = view_func(request, *args, **kwargs)
  File "C:\Users\casa\AppData\Local\Programs\Python\Python37\lib\site-packages\django\contrib\admin\sites.py", line 223, in inner
    return view(request, *args, **kwargs)
  File "C:\Users\casa\AppData\Local\Programs\Python\Python37\lib\site-packages\django\utils\decorators.py", line 45, in _wrapper
    return bound_method(*args, **kwargs)
  File "C:\Users\casa\AppData\Local\Programs\Python\Python37\lib\site-packages\django\views\decorators\debug.py", line 76, in sensitive_post_parameters_wrapper
    return view(request, *args, **kwargs)
  File "C:\Users\casa\AppData\Local\Programs\Python\Python37\lib\site-packages\django\utils\decorators.py", line 45, in _wrapper
    return bound_method(*args, **kwargs)
  File "C:\Users\casa\AppData\Local\Programs\Python\Python37\lib\site-packages\django\utils\decorators.py", line 142, in _wrapped_view
    response = view_func(request, *args, **kwargs)
  File "C:\Users\casa\AppData\Local\Programs\Python\Python37\lib\site-packages\django\contrib\auth\admin.py", line 99, in add_view
    return self._add_view(request, form_url, extra_context)
  File "C:\Users\casa\AppData\Local\Programs\Python\Python37\lib\site-packages\django\contrib\auth\admin.py", line 126, in _add_view
    return super().add_view(request, form_url, extra_context)
  File "C:\Users\casa\AppData\Local\Programs\Python\Python37\lib\site-packages\django\contrib\admin\options.py", line 1634, in add_view
    return self.changeform_view(request, None, form_url, extra_context)
  File "C:\Users\casa\AppData\Local\Programs\Python\Python37\lib\site-packages\django\utils\decorators.py", line 45, in _wrapper
    return bound_method(*args, **kwargs)
  File "C:\Users\casa\AppData\Local\Programs\Python\Python37\lib\site-packages\django\utils\decorators.py", line 142, in _wrapped_view
    response = view_func(request, *args, **kwargs)
  File "C:\Users\casa\AppData\Local\Programs\Python\Python37\lib\site-packages\django\contrib\admin\options.py", line 1522, in changeform_view
    return self._changeform_view(request, object_id, form_url, extra_context)
  File "C:\Users\casa\AppData\Local\Programs\Python\Python37\lib\site-packages\django\contrib\admin\options.py", line 1562, in _changeform_view
    self.save_related(request, form, formsets, not add)
  File "C:\Users\casa\AppData\Local\Programs\Python\Python37\lib\site-packages\django\contrib\admin\options.py", line 1116, in save_related
    self.save_formset(request, form, formset, change=change)
  File "C:\Users\casa\AppData\Local\Programs\Python\Python37\lib\site-packages\django\contrib\admin\options.py", line 1104, in save_formset
    formset.save()
  File "C:\Users\casa\AppData\Local\Programs\Python\Python37\lib\site-packages\django\forms\models.py", line 669, in save
    return self.save_existing_objects(commit) + self.save_new_objects(commit)
  File "C:\Users\casa\AppData\Local\Programs\Python\Python37\lib\site-packages\django\forms\models.py", line 807, in save_new_objects
    self.new_objects.append(self.save_new(form, commit=commit))
  File "C:\Users\casa\AppData\Local\Programs\Python\Python37\lib\site-packages\django\forms\models.py", line 947, in save_new
    return super().save_new(form, commit=commit)
  File "C:\Users\casa\AppData\Local\Programs\Python\Python37\lib\site-packages\django\forms\models.py", line 646, in save_new
    return form.save(commit=commit)
  File "C:\Users\casa\AppData\Local\Programs\Python\Python37\lib\site-packages\django\forms\models.py", line 458, in save
    self.instance.save()
  File "C:\Users\casa\AppData\Local\Programs\Python\Python37\lib\site-packages\django\db\models\base.py", line 741, in save
    force_update=force_update, update_fields=update_fields)
  File "C:\Users\casa\AppData\Local\Programs\Python\Python37\lib\site-packages\django\db\models\base.py", line 779, in save_base
    force_update, using, update_fields,
  File "C:\Users\casa\AppData\Local\Programs\Python\Python37\lib\site-packages\django\db\models\base.py", line 870, in _save_table
    result = self._do_insert(cls._base_manager, using, fields, update_pk, raw)
  File "C:\Users\casa\AppData\Local\Programs\Python\Python37\lib\site-packages\django\db\models\base.py", line 908, in _do_insert
    using=using, raw=raw)
  File "C:\Users\casa\AppData\Local\Programs\Python\Python37\lib\site-packages\django\db\models\manager.py", line 82, in manager_method
    return getattr(self.get_queryset(), name)(*args, **kwargs)
  File "C:\Users\casa\AppData\Local\Programs\Python\Python37\lib\site-packages\django\db\models\query.py", line 1186, in _insert
    return query.get_compiler(using=using).execute_sql(return_id)
  File "C:\Users\casa\AppData\Local\Programs\Python\Python37\lib\site-packages\django\db\models\sql\compiler.py", line 1335, in execute_sql
    cursor.execute(sql, params)
  File "C:\Users\casa\AppData\Local\Programs\Python\Python37\lib\site-packages\django\db\backends\utils.py", line 99, in execute
    return super().execute(sql, params)
  File "C:\Users\casa\AppData\Local\Programs\Python\Python37\lib\site-packages\django\db\backends\utils.py", line 67, in execute
    return self._execute_with_wrappers(sql, params, many=False, executor=self._execute)
  File "C:\Users\casa\AppData\Local\Programs\Python\Python37\lib\site-packages\django\db\backends\utils.py", line 76, in _execute_with_wrappers
    return executor(sql, params, many, context)
  File "C:\Users\casa\AppData\Local\Programs\Python\Python37\lib\site-packages\django\db\backends\utils.py", line 84, in _execute
    return self.cursor.execute(sql, params)
  File "C:\Users\casa\AppData\Local\Programs\Python\Python37\lib\site-packages\django\db\utils.py", line 89, in __exit__
    raise dj_exc_value.with_traceback(traceback) from exc_value
  File "C:\Users\casa\AppData\Local\Programs\Python\Python37\lib\site-packages\django\db\backends\utils.py", line 84, in _execute
    return self.cursor.execute(sql, params)
django.db.utils.ProgrammingError: no existe la columna Nombre_alumno en la relacin accounts_perfil
LINE 1: ...rfil" ("user_id", "es_alumno", "phone", "cedula", "Nombre_al...
                                                             ^

Not Found: /favicon.ico
Not Found: /favicon.ico
